<?xml version="1.0" encoding="UTF-8"?>
<!-- Generated by org.testng.reporters.JUnitXMLReporter -->
<testsuite ignored="0" hostname="Razu-Windows" failures="0" tests="2" name="api_test" time="15.913" errors="0" timestamp="2021-12-16T06:45:45 EST">
  <testcase classname="automation_test.Mortgage_Calculator.RealAPRCalculator" name="CalculateRealAPR" time="6.391"/>
  <testcase classname="automation_test.Mortgage_Calculator.MyMortgageCalculate" name="calculateRate" time="8.094"/>
</testsuite> <!-- api_test -->
