<?xml version="1.0" encoding="UTF-8"?>
<testng-results ignored="0" total="2" passed="2" failed="0" skipped="0">
  <reporter-output>
  </reporter-output>
  <suite started-at="2021-12-16T06:45:29 EST" name="Automation_Test" finished-at="2021-12-16T06:45:45 EST" duration-ms="15913">
    <groups>
    </groups>
    <test started-at="2021-12-16T06:45:29 EST" name="api_test" finished-at="2021-12-16T06:45:45 EST" duration-ms="15913">
      <class name="automation_test.Mortgage_Calculator.MyMortgageCalculate">
        <test-method is-config="true" signature="addThread()[pri:0, instance:automation_test.Mortgage_Calculator.MyMortgageCalculate@6de54b40]" started-at="2021-12-16T06:45:29 EST" name="addThread" finished-at="2021-12-16T06:45:34 EST" duration-ms="4972" status="PASS">
          <reporter-output>
          </reporter-output>
        </test-method> <!-- addThread -->
        <test-method is-config="true" signature="browserInitialization()[pri:0, instance:automation_test.Mortgage_Calculator.MyMortgageCalculate@6de54b40]" started-at="2021-12-16T06:45:34 EST" name="browserInitialization" finished-at="2021-12-16T06:45:37 EST" duration-ms="2710" status="PASS">
          <reporter-output>
          </reporter-output>
        </test-method> <!-- browserInitialization -->
        <test-method signature="calculateRate()[pri:0, instance:automation_test.Mortgage_Calculator.MyMortgageCalculate@6de54b40]" started-at="2021-12-16T06:45:37 EST" name="calculateRate" finished-at="2021-12-16T06:45:45 EST" duration-ms="8094" status="PASS">
          <reporter-output>
          </reporter-output>
        </test-method> <!-- calculateRate -->
        <test-method is-config="true" signature="closeBrowser()[pri:0, instance:automation_test.Mortgage_Calculator.MyMortgageCalculate@6de54b40]" started-at="2021-12-16T06:45:45 EST" name="closeBrowser" finished-at="2021-12-16T06:45:45 EST" duration-ms="112" status="PASS">
          <reporter-output>
          </reporter-output>
        </test-method> <!-- closeBrowser -->
      </class> <!-- automation_test.Mortgage_Calculator.MyMortgageCalculate -->
      <class name="automation_test.Mortgage_Calculator.RealAPRCalculator">
        <test-method is-config="true" signature="addThread()[pri:0, instance:automation_test.Mortgage_Calculator.RealAPRCalculator@5ebd56e9]" started-at="2021-12-16T06:45:29 EST" name="addThread" finished-at="2021-12-16T06:45:34 EST" duration-ms="5017" status="PASS">
          <reporter-output>
          </reporter-output>
        </test-method> <!-- addThread -->
        <test-method is-config="true" signature="browserInitialization()[pri:0, instance:automation_test.Mortgage_Calculator.RealAPRCalculator@5ebd56e9]" started-at="2021-12-16T06:45:34 EST" name="browserInitialization" finished-at="2021-12-16T06:45:37 EST" duration-ms="2525" status="PASS">
          <reporter-output>
          </reporter-output>
        </test-method> <!-- browserInitialization -->
        <test-method signature="CalculateRealAPR()[pri:0, instance:automation_test.Mortgage_Calculator.RealAPRCalculator@5ebd56e9]" started-at="2021-12-16T06:45:37 EST" name="CalculateRealAPR" finished-at="2021-12-16T06:45:43 EST" duration-ms="6391" status="PASS">
          <reporter-output>
          </reporter-output>
        </test-method> <!-- CalculateRealAPR -->
        <test-method is-config="true" signature="closeBrowser()[pri:0, instance:automation_test.Mortgage_Calculator.RealAPRCalculator@5ebd56e9]" started-at="2021-12-16T06:45:43 EST" name="closeBrowser" finished-at="2021-12-16T06:45:43 EST" duration-ms="153" status="PASS">
          <reporter-output>
          </reporter-output>
        </test-method> <!-- closeBrowser -->
      </class> <!-- automation_test.Mortgage_Calculator.RealAPRCalculator -->
    </test> <!-- api_test -->
  </suite> <!-- Automation_Test -->
</testng-results>
