<?xml version="1.0" encoding="UTF-8"?>
<testsuite xmlns:xsi="http://www.w3.org/2001/XMLSchema-instance" xsi:noNamespaceSchemaLocation="https://maven.apache.org/surefire/maven-surefire-plugin/xsd/surefire-test-report-3.0.xsd" version="3.0" name="TestSuite" time="16.78" tests="2" errors="0" skipped="0" failures="0">
  <properties>
[...]
</properties>
  <testcase name="CalculateRealAPR" classname="automation_test.Mortgage_Calculator.RealAPRCalculator" time="6.288">
    <system-out><![CDATA[2021-12-16 06:45:30,305 AsyncHttpClient-1-2 ERROR FileManager (logs/${ctx:threadName}.log) java.io.IOException: The filename, directory name, or volume label syntax is incorrect java.io.IOException: The filename, directory name, or volume label syntax is incorrect
	at java.base/java.io.WinNTFileSystem.canonicalizeWithPrefix0(Native Method)
	at java.base/java.io.WinNTFileSystem.canonicalizeWithPrefix(WinNTFileSystem.java:461)
	at java.base/java.io.WinNTFileSystem.canonicalize(WinNTFileSystem.java:432)
	at java.base/java.io.File.getCanonicalPath(File.java:626)
	at java.base/java.io.File.getCanonicalFile(File.java:651)
	at org.apache.logging.log4j.core.util.FileUtils.makeParentDirs(FileUtils.java:135)
	at org.apache.logging.log4j.core.appender.FileManager$FileManagerFactory.createManager(FileManager.java:434)
	at org.apache.logging.log4j.core.appender.FileManager$FileManagerFactory.createManager(FileManager.java:422)
	at org.apache.logging.log4j.core.appender.AbstractManager.getManager(AbstractManager.java:113)
	at org.apache.logging.log4j.core.appender.OutputStreamManager.getManager(OutputStreamManager.java:100)
	at org.apache.logging.log4j.core.appender.FileManager.getFileManager(FileManager.java:182)
	at org.apache.logging.log4j.core.appender.FileAppender$Builder.build(FileAppender.java:96)
	at org.apache.logging.log4j.core.appender.FileAppender$Builder.build(FileAppender.java:52)
	at org.apache.logging.log4j.core.config.plugins.util.PluginBuilder.build(PluginBuilder.java:122)
	at org.apache.logging.log4j.core.config.AbstractConfiguration.createPluginObject(AbstractConfiguration.java:1000)
	at org.apache.logging.log4j.core.config.AbstractConfiguration.createConfiguration(AbstractConfiguration.java:940)
	at org.apache.logging.log4j.core.appender.routing.RoutingAppender.createAppender(RoutingAppender.java:299)
	at org.apache.logging.log4j.core.appender.routing.RoutingAppender.getControl(RoutingAppender.java:271)
	at org.apache.logging.log4j.core.appender.routing.RoutingAppender.append(RoutingAppender.java:229)
	at org.apache.logging.log4j.core.config.AppenderControl.tryCallAppender(AppenderControl.java:156)
	at org.apache.logging.log4j.core.config.AppenderControl.callAppender0(AppenderControl.java:129)
	at org.apache.logging.log4j.core.config.AppenderControl.callAppenderPreventRecursion(AppenderControl.java:120)
	at org.apache.logging.log4j.core.config.AppenderControl.callAppender(AppenderControl.java:84)
	at org.apache.logging.log4j.core.config.LoggerConfig.callAppenders(LoggerConfig.java:540)
	at org.apache.logging.log4j.core.config.LoggerConfig.processLogEvent(LoggerConfig.java:498)
	at org.apache.logging.log4j.core.config.LoggerConfig.log(LoggerConfig.java:481)
	at org.apache.logging.log4j.core.config.LoggerConfig.log(LoggerConfig.java:410)
	at org.apache.logging.log4j.core.config.AwaitCompletionReliabilityStrategy.log(AwaitCompletionReliabilityStrategy.java:63)
	at org.apache.logging.log4j.core.Logger.logMessage(Logger.java:153)
	at org.apache.logging.log4j.spi.ExtendedLoggerWrapper.logMessage(ExtendedLoggerWrapper.java:222)
	at org.apache.logging.log4j.spi.AbstractLogger.log(AbstractLogger.java:2117)
	at org.apache.logging.log4j.spi.AbstractLogger.tryLogMessage(AbstractLogger.java:2205)
	at org.apache.logging.log4j.spi.AbstractLogger.logMessageTrackRecursion(AbstractLogger.java:2159)
	at org.apache.logging.log4j.spi.AbstractLogger.logMessageSafely(AbstractLogger.java:2142)
	at org.apache.logging.log4j.spi.AbstractLogger.logMessage(AbstractLogger.java:2040)
	at org.apache.logging.log4j.spi.AbstractLogger.logIfEnabled(AbstractLogger.java:1907)
	at org.apache.logging.log4j.spi.AbstractLogger.debug(AbstractLogger.java:458)
	at io.netty.buffer.AbstractByteBuf.<clinit>(AbstractByteBuf.java:63)
	at io.netty.buffer.UnpooledByteBufAllocator.newDirectBuffer(UnpooledByteBufAllocator.java:91)
	at io.netty.buffer.AbstractByteBufAllocator.directBuffer(AbstractByteBufAllocator.java:188)
	at io.netty.buffer.AbstractByteBufAllocator.directBuffer(AbstractByteBufAllocator.java:179)
	at io.netty.buffer.Unpooled.directBuffer(Unpooled.java:127)
	at io.netty.handler.codec.http.HttpObjectEncoder.<clinit>(HttpObjectEncoder.java:53)
	at io.netty.handler.codec.http.HttpClientCodec.<init>(HttpClientCodec.java:152)
	at io.netty.handler.codec.http.HttpClientCodec.<init>(HttpClientCodec.java:140)
	at io.netty.handler.codec.http.HttpClientCodec.<init>(HttpClientCodec.java:129)
	at io.netty.handler.codec.http.HttpClientCodec.<init>(HttpClientCodec.java:119)
	at org.asynchttpclient.netty.channel.ChannelManager.newHttpClientCodec(ChannelManager.java:332)
	at org.asynchttpclient.netty.channel.ChannelManager.access$100(ChannelManager.java:70)
	at org.asynchttpclient.netty.channel.ChannelManager$1.initChannel(ChannelManager.java:221)
	at io.netty.channel.ChannelInitializer.initChannel(ChannelInitializer.java:129)
	at io.netty.channel.ChannelInitializer.handlerAdded(ChannelInitializer.java:112)
	at io.netty.channel.AbstractChannelHandlerContext.callHandlerAdded(AbstractChannelHandlerContext.java:938)
	at io.netty.channel.DefaultChannelPipeline.callHandlerAdded0(DefaultChannelPipeline.java:609)
	at io.netty.channel.DefaultChannelPipeline.access$100(DefaultChannelPipeline.java:46)
	at io.netty.channel.DefaultChannelPipeline$PendingHandlerAddedTask.execute(DefaultChannelPipeline.java:1463)
	at io.netty.channel.DefaultChannelPipeline.callHandlerAddedForAllHandlers(DefaultChannelPipeline.java:1115)
	at io.netty.channel.DefaultChannelPipeline.invokeHandlerAddedIfNeeded(DefaultChannelPipeline.java:650)
	at io.netty.channel.AbstractChannel$AbstractUnsafe.register0(AbstractChannel.java:514)
	at io.netty.channel.AbstractChannel$AbstractUnsafe.access$200(AbstractChannel.java:429)
	at io.netty.channel.AbstractChannel$AbstractUnsafe$1.run(AbstractChannel.java:486)
	at io.netty.util.concurrent.AbstractEventExecutor.safeExecute(AbstractEventExecutor.java:164)
	at io.netty.util.concurrent.SingleThreadEventExecutor.runAllTasks(SingleThreadEventExecutor.java:469)
	at io.netty.channel.nio.NioEventLoop.run(NioEventLoop.java:500)
	at io.netty.util.concurrent.SingleThreadEventExecutor$4.run(SingleThreadEventExecutor.java:986)
	at io.netty.util.internal.ThreadExecutorMap$2.run(ThreadExecutorMap.java:74)
	at io.netty.util.concurrent.FastThreadLocalRunnable.run(FastThreadLocalRunnable.java:30)
	at java.base/java.lang.Thread.run(Thread.java:834)

2021-12-16 06:45:30,309 AsyncHttpClient-1-2 ERROR Could not create plugin of type class org.apache.logging.log4j.core.appender.FileAppender for element File: java.lang.IllegalStateException: ManagerFactory [org.apache.logging.log4j.core.appender.FileManager$FileManagerFactory@4d65b13e] unable to create manager for [logs/${ctx:threadName}.log] with data [org.apache.logging.log4j.core.appender.FileManager$FactoryData@1d55cd51] java.lang.IllegalStateException: ManagerFactory [org.apache.logging.log4j.core.appender.FileManager$FileManagerFactory@4d65b13e] unable to create manager for [logs/${ctx:threadName}.log] with data [org.apache.logging.log4j.core.appender.FileManager$FactoryData@1d55cd51]
	at org.apache.logging.log4j.core.appender.AbstractManager.getManager(AbstractManager.java:115)
	at org.apache.logging.log4j.core.appender.OutputStreamManager.getManager(OutputStreamManager.java:100)
	at org.apache.logging.log4j.core.appender.FileManager.getFileManager(FileManager.java:182)
	at org.apache.logging.log4j.core.appender.FileAppender$Builder.build(FileAppender.java:96)
	at org.apache.logging.log4j.core.appender.FileAppender$Builder.build(FileAppender.java:52)
	at org.apache.logging.log4j.core.config.plugins.util.PluginBuilder.build(PluginBuilder.java:122)
	at org.apache.logging.log4j.core.config.AbstractConfiguration.createPluginObject(AbstractConfiguration.java:1000)
	at org.apache.logging.log4j.core.config.AbstractConfiguration.createConfiguration(AbstractConfiguration.java:940)
	at org.apache.logging.log4j.core.appender.routing.RoutingAppender.createAppender(RoutingAppender.java:299)
	at org.apache.logging.log4j.core.appender.routing.RoutingAppender.getControl(RoutingAppender.java:271)
	at org.apache.logging.log4j.core.appender.routing.RoutingAppender.append(RoutingAppender.java:229)
	at org.apache.logging.log4j.core.config.AppenderControl.tryCallAppender(AppenderControl.java:156)
	at org.apache.logging.log4j.core.config.AppenderControl.callAppender0(AppenderControl.java:129)
	at org.apache.logging.log4j.core.config.AppenderControl.callAppenderPreventRecursion(AppenderControl.java:120)
	at org.apache.logging.log4j.core.config.AppenderControl.callAppender(AppenderControl.java:84)
	at org.apache.logging.log4j.core.config.LoggerConfig.callAppenders(LoggerConfig.java:540)
	at org.apache.logging.log4j.core.config.LoggerConfig.processLogEvent(LoggerConfig.java:498)
	at org.apache.logging.log4j.core.config.LoggerConfig.log(LoggerConfig.java:481)
	at org.apache.logging.log4j.core.config.LoggerConfig.log(LoggerConfig.java:410)
	at org.apache.logging.log4j.core.config.AwaitCompletionReliabilityStrategy.log(AwaitCompletionReliabilityStrategy.java:63)
	at org.apache.logging.log4j.core.Logger.logMessage(Logger.java:153)
	at org.apache.logging.log4j.spi.ExtendedLoggerWrapper.logMessage(ExtendedLoggerWrapper.java:222)
	at org.apache.logging.log4j.spi.AbstractLogger.log(AbstractLogger.java:2117)
	at org.apache.logging.log4j.spi.AbstractLogger.tryLogMessage(AbstractLogger.java:2205)
	at org.apache.logging.log4j.spi.AbstractLogger.logMessageTrackRecursion(AbstractLogger.java:2159)
	at org.apache.logging.log4j.spi.AbstractLogger.logMessageSafely(AbstractLogger.java:2142)
	at org.apache.logging.log4j.spi.AbstractLogger.logMessage(AbstractLogger.java:2040)
	at org.apache.logging.log4j.spi.AbstractLogger.logIfEnabled(AbstractLogger.java:1907)
	at org.apache.logging.log4j.spi.AbstractLogger.debug(AbstractLogger.java:458)
	at io.netty.buffer.AbstractByteBuf.<clinit>(AbstractByteBuf.java:63)
	at io.netty.buffer.UnpooledByteBufAllocator.newDirectBuffer(UnpooledByteBufAllocator.java:91)
	at io.netty.buffer.AbstractByteBufAllocator.directBuffer(AbstractByteBufAllocator.java:188)
	at io.netty.buffer.AbstractByteBufAllocator.directBuffer(AbstractByteBufAllocator.java:179)
	at io.netty.buffer.Unpooled.directBuffer(Unpooled.java:127)
	at io.netty.handler.codec.http.HttpObjectEncoder.<clinit>(HttpObjectEncoder.java:53)
	at io.netty.handler.codec.http.HttpClientCodec.<init>(HttpClientCodec.java:152)
	at io.netty.handler.codec.http.HttpClientCodec.<init>(HttpClientCodec.java:140)
	at io.netty.handler.codec.http.HttpClientCodec.<init>(HttpClientCodec.java:129)
	at io.netty.handler.codec.http.HttpClientCodec.<init>(HttpClientCodec.java:119)
	at org.asynchttpclient.netty.channel.ChannelManager.newHttpClientCodec(ChannelManager.java:332)
	at org.asynchttpclient.netty.channel.ChannelManager.access$100(ChannelManager.java:70)
	at org.asynchttpclient.netty.channel.ChannelManager$1.initChannel(ChannelManager.java:221)
	at io.netty.channel.ChannelInitializer.initChannel(ChannelInitializer.java:129)
	at io.netty.channel.ChannelInitializer.handlerAdded(ChannelInitializer.java:112)
	at io.netty.channel.AbstractChannelHandlerContext.callHandlerAdded(AbstractChannelHandlerContext.java:938)
	at io.netty.channel.DefaultChannelPipeline.callHandlerAdded0(DefaultChannelPipeline.java:609)
	at io.netty.channel.DefaultChannelPipeline.access$100(DefaultChannelPipeline.java:46)
	at io.netty.channel.DefaultChannelPipeline$PendingHandlerAddedTask.execute(DefaultChannelPipeline.java:1463)
	at io.netty.channel.DefaultChannelPipeline.callHandlerAddedForAllHandlers(DefaultChannelPipeline.java:1115)
	at io.netty.channel.DefaultChannelPipeline.invokeHandlerAddedIfNeeded(DefaultChannelPipeline.java:650)
	at io.netty.channel.AbstractChannel$AbstractUnsafe.register0(AbstractChannel.java:514)
	at io.netty.channel.AbstractChannel$AbstractUnsafe.access$200(AbstractChannel.java:429)
	at io.netty.channel.AbstractChannel$AbstractUnsafe$1.run(AbstractChannel.java:486)
	at io.netty.util.concurrent.AbstractEventExecutor.safeExecute(AbstractEventExecutor.java:164)
	at io.netty.util.concurrent.SingleThreadEventExecutor.runAllTasks(SingleThreadEventExecutor.java:469)
	at io.netty.channel.nio.NioEventLoop.run(NioEventLoop.java:500)
	at io.netty.util.concurrent.SingleThreadEventExecutor$4.run(SingleThreadEventExecutor.java:986)
	at io.netty.util.internal.ThreadExecutorMap$2.run(ThreadExecutorMap.java:74)
	at io.netty.util.concurrent.FastThreadLocalRunnable.run(FastThreadLocalRunnable.java:30)
	at java.base/java.lang.Thread.run(Thread.java:834)

2021-12-16 06:45:30,310 AsyncHttpClient-1-2 ERROR Unable to invoke factory method in class org.apache.logging.log4j.core.appender.FileAppender for element File: java.lang.IllegalStateException: No factory method found for class org.apache.logging.log4j.core.appender.FileAppender java.lang.IllegalStateException: No factory method found for class org.apache.logging.log4j.core.appender.FileAppender
	at org.apache.logging.log4j.core.config.plugins.util.PluginBuilder.findFactoryMethod(PluginBuilder.java:234)
	at org.apache.logging.log4j.core.config.plugins.util.PluginBuilder.build(PluginBuilder.java:134)
	at org.apache.logging.log4j.core.config.AbstractConfiguration.createPluginObject(AbstractConfiguration.java:1000)
	at org.apache.logging.log4j.core.config.AbstractConfiguration.createConfiguration(AbstractConfiguration.java:940)
	at org.apache.logging.log4j.core.appender.routing.RoutingAppender.createAppender(RoutingAppender.java:299)
	at org.apache.logging.log4j.core.appender.routing.RoutingAppender.getControl(RoutingAppender.java:271)
	at org.apache.logging.log4j.core.appender.routing.RoutingAppender.append(RoutingAppender.java:229)
	at org.apache.logging.log4j.core.config.AppenderControl.tryCallAppender(AppenderControl.java:156)
	at org.apache.logging.log4j.core.config.AppenderControl.callAppender0(AppenderControl.java:129)
	at org.apache.logging.log4j.core.config.AppenderControl.callAppenderPreventRecursion(AppenderControl.java:120)
	at org.apache.logging.log4j.core.config.AppenderControl.callAppender(AppenderControl.java:84)
	at org.apache.logging.log4j.core.config.LoggerConfig.callAppenders(LoggerConfig.java:540)
	at org.apache.logging.log4j.core.config.LoggerConfig.processLogEvent(LoggerConfig.java:498)
	at org.apache.logging.log4j.core.config.LoggerConfig.log(LoggerConfig.java:481)
	at org.apache.logging.log4j.core.config.LoggerConfig.log(LoggerConfig.java:410)
	at org.apache.logging.log4j.core.config.AwaitCompletionReliabilityStrategy.log(AwaitCompletionReliabilityStrategy.java:63)
	at org.apache.logging.log4j.core.Logger.logMessage(Logger.java:153)
	at org.apache.logging.log4j.spi.ExtendedLoggerWrapper.logMessage(ExtendedLoggerWrapper.java:222)
	at org.apache.logging.log4j.spi.AbstractLogger.log(AbstractLogger.java:2117)
	at org.apache.logging.log4j.spi.AbstractLogger.tryLogMessage(AbstractLogger.java:2205)
	at org.apache.logging.log4j.spi.AbstractLogger.logMessageTrackRecursion(AbstractLogger.java:2159)
	at org.apache.logging.log4j.spi.AbstractLogger.logMessageSafely(AbstractLogger.java:2142)
	at org.apache.logging.log4j.spi.AbstractLogger.logMessage(AbstractLogger.java:2040)
	at org.apache.logging.log4j.spi.AbstractLogger.logIfEnabled(AbstractLogger.java:1907)
	at org.apache.logging.log4j.spi.AbstractLogger.debug(AbstractLogger.java:458)
	at io.netty.buffer.AbstractByteBuf.<clinit>(AbstractByteBuf.java:63)
	at io.netty.buffer.UnpooledByteBufAllocator.newDirectBuffer(UnpooledByteBufAllocator.java:91)
	at io.netty.buffer.AbstractByteBufAllocator.directBuffer(AbstractByteBufAllocator.java:188)
	at io.netty.buffer.AbstractByteBufAllocator.directBuffer(AbstractByteBufAllocator.java:179)
	at io.netty.buffer.Unpooled.directBuffer(Unpooled.java:127)
	at io.netty.handler.codec.http.HttpObjectEncoder.<clinit>(HttpObjectEncoder.java:53)
	at io.netty.handler.codec.http.HttpClientCodec.<init>(HttpClientCodec.java:152)
	at io.netty.handler.codec.http.HttpClientCodec.<init>(HttpClientCodec.java:140)
	at io.netty.handler.codec.http.HttpClientCodec.<init>(HttpClientCodec.java:129)
	at io.netty.handler.codec.http.HttpClientCodec.<init>(HttpClientCodec.java:119)
	at org.asynchttpclient.netty.channel.ChannelManager.newHttpClientCodec(ChannelManager.java:332)
	at org.asynchttpclient.netty.channel.ChannelManager.access$100(ChannelManager.java:70)
	at org.asynchttpclient.netty.channel.ChannelManager$1.initChannel(ChannelManager.java:221)
	at io.netty.channel.ChannelInitializer.initChannel(ChannelInitializer.java:129)
	at io.netty.channel.ChannelInitializer.handlerAdded(ChannelInitializer.java:112)
	at io.netty.channel.AbstractChannelHandlerContext.callHandlerAdded(AbstractChannelHandlerContext.java:938)
	at io.netty.channel.DefaultChannelPipeline.callHandlerAdded0(DefaultChannelPipeline.java:609)
	at io.netty.channel.DefaultChannelPipeline.access$100(DefaultChannelPipeline.java:46)
	at io.netty.channel.DefaultChannelPipeline$PendingHandlerAddedTask.execute(DefaultChannelPipeline.java:1463)
	at io.netty.channel.DefaultChannelPipeline.callHandlerAddedForAllHandlers(DefaultChannelPipeline.java:1115)
	at io.netty.channel.DefaultChannelPipeline.invokeHandlerAddedIfNeeded(DefaultChannelPipeline.java:650)
	at io.netty.channel.AbstractChannel$AbstractUnsafe.register0(AbstractChannel.java:514)
	at io.netty.channel.AbstractChannel$AbstractUnsafe.access$200(AbstractChannel.java:429)
	at io.netty.channel.AbstractChannel$AbstractUnsafe$1.run(AbstractChannel.java:486)
	at io.netty.util.concurrent.AbstractEventExecutor.safeExecute(AbstractEventExecutor.java:164)
	at io.netty.util.concurrent.SingleThreadEventExecutor.runAllTasks(SingleThreadEventExecutor.java:469)
	at io.netty.channel.nio.NioEventLoop.run(NioEventLoop.java:500)
	at io.netty.util.concurrent.SingleThreadEventExecutor$4.run(SingleThreadEventExecutor.java:986)
	at io.netty.util.internal.ThreadExecutorMap$2.run(ThreadExecutorMap.java:74)
	at io.netty.util.concurrent.FastThreadLocalRunnable.run(FastThreadLocalRunnable.java:30)
	at java.base/java.lang.Thread.run(Thread.java:834)

2021-12-16 06:45:30,311 AsyncHttpClient-1-2 ERROR Unable to create Appender of type File
2021-12-16 06:45:30,312 AsyncHttpClient-1-2 ERROR FileManager (logs/${ctx:threadName}.log) java.io.IOException: The filename, directory name, or volume label syntax is incorrect java.io.IOException: The filename, directory name, or volume label syntax is incorrect
	at java.base/java.io.WinNTFileSystem.canonicalizeWithPrefix0(Native Method)
	at java.base/java.io.WinNTFileSystem.canonicalizeWithPrefix(WinNTFileSystem.java:461)
	at java.base/java.io.WinNTFileSystem.canonicalize(WinNTFileSystem.java:432)
	at java.base/java.io.File.getCanonicalPath(File.java:626)
	at java.base/java.io.File.getCanonicalFile(File.java:651)
	at org.apache.logging.log4j.core.util.FileUtils.makeParentDirs(FileUtils.java:135)
	at org.apache.logging.log4j.core.appender.FileManager$FileManagerFactory.createManager(FileManager.java:434)
	at org.apache.logging.log4j.core.appender.FileManager$FileManagerFactory.createManager(FileManager.java:422)
	at org.apache.logging.log4j.core.appender.AbstractManager.getManager(AbstractManager.java:113)
	at org.apache.logging.log4j.core.appender.OutputStreamManager.getManager(OutputStreamManager.java:100)
	at org.apache.logging.log4j.core.appender.FileManager.getFileManager(FileManager.java:182)
	at org.apache.logging.log4j.core.appender.FileAppender$Builder.build(FileAppender.java:96)
	at org.apache.logging.log4j.core.appender.FileAppender$Builder.build(FileAppender.java:52)
	at org.apache.logging.log4j.core.config.plugins.util.PluginBuilder.build(PluginBuilder.java:122)
	at org.apache.logging.log4j.core.config.AbstractConfiguration.createPluginObject(AbstractConfiguration.java:1000)
	at org.apache.logging.log4j.core.config.AbstractConfiguration.createConfiguration(AbstractConfiguration.java:940)
	at org.apache.logging.log4j.core.appender.routing.RoutingAppender.createAppender(RoutingAppender.java:299)
	at org.apache.logging.log4j.core.appender.routing.RoutingAppender.getControl(RoutingAppender.java:271)
	at org.apache.logging.log4j.core.appender.routing.RoutingAppender.append(RoutingAppender.java:229)
	at org.apache.logging.log4j.core.config.AppenderControl.tryCallAppender(AppenderControl.java:156)
	at org.apache.logging.log4j.core.config.AppenderControl.callAppender0(AppenderControl.java:129)
	at org.apache.logging.log4j.core.config.AppenderControl.callAppenderPreventRecursion(AppenderControl.java:120)
	at org.apache.logging.log4j.core.config.AppenderControl.callAppender(AppenderControl.java:84)
	at org.apache.logging.log4j.core.config.LoggerConfig.callAppenders(LoggerConfig.java:540)
	at org.apache.logging.log4j.core.config.LoggerConfig.processLogEvent(LoggerConfig.java:498)
	at org.apache.logging.log4j.core.config.LoggerConfig.log(LoggerConfig.java:481)
	at org.apache.logging.log4j.core.config.LoggerConfig.log(LoggerConfig.java:410)
	at org.apache.logging.log4j.core.config.AwaitCompletionReliabilityStrategy.log(AwaitCompletionReliabilityStrategy.java:63)
	at org.apache.logging.log4j.core.Logger.logMessage(Logger.java:153)
	at org.apache.logging.log4j.spi.ExtendedLoggerWrapper.logMessage(ExtendedLoggerWrapper.java:222)
	at org.apache.logging.log4j.spi.AbstractLogger.log(AbstractLogger.java:2117)
	at org.apache.logging.log4j.spi.AbstractLogger.tryLogMessage(AbstractLogger.java:2205)
	at org.apache.logging.log4j.spi.AbstractLogger.logMessageTrackRecursion(AbstractLogger.java:2159)
	at org.apache.logging.log4j.spi.AbstractLogger.logMessageSafely(AbstractLogger.java:2142)
	at org.apache.logging.log4j.spi.AbstractLogger.logMessage(AbstractLogger.java:2040)
	at org.apache.logging.log4j.spi.AbstractLogger.logIfEnabled(AbstractLogger.java:1907)
	at org.apache.logging.log4j.spi.AbstractLogger.debug(AbstractLogger.java:458)
	at io.netty.buffer.AbstractByteBuf.<clinit>(AbstractByteBuf.java:64)
	at io.netty.buffer.UnpooledByteBufAllocator.newDirectBuffer(UnpooledByteBufAllocator.java:91)
	at io.netty.buffer.AbstractByteBufAllocator.directBuffer(AbstractByteBufAllocator.java:188)
	at io.netty.buffer.AbstractByteBufAllocator.directBuffer(AbstractByteBufAllocator.java:179)
	at io.netty.buffer.Unpooled.directBuffer(Unpooled.java:127)
	at io.netty.handler.codec.http.HttpObjectEncoder.<clinit>(HttpObjectEncoder.java:53)
	at io.netty.handler.codec.http.HttpClientCodec.<init>(HttpClientCodec.java:152)
	at io.netty.handler.codec.http.HttpClientCodec.<init>(HttpClientCodec.java:140)
	at io.netty.handler.codec.http.HttpClientCodec.<init>(HttpClientCodec.java:129)
	at io.netty.handler.codec.http.HttpClientCodec.<init>(HttpClientCodec.java:119)
	at org.asynchttpclient.netty.channel.ChannelManager.newHttpClientCodec(ChannelManager.java:332)
	at org.asynchttpclient.netty.channel.ChannelManager.access$100(ChannelManager.java:70)
	at org.asynchttpclient.netty.channel.ChannelManager$1.initChannel(ChannelManager.java:221)
	at io.netty.channel.ChannelInitializer.initChannel(ChannelInitializer.java:129)
	at io.netty.channel.ChannelInitializer.handlerAdded(ChannelInitializer.java:112)
	at io.netty.channel.AbstractChannelHandlerContext.callHandlerAdded(AbstractChannelHandlerContext.java:938)
	at io.netty.channel.DefaultChannelPipeline.callHandlerAdded0(DefaultChannelPipeline.java:609)
	at io.netty.channel.DefaultChannelPipeline.access$100(DefaultChannelPipeline.java:46)
	at io.netty.channel.DefaultChannelPipeline$PendingHandlerAddedTask.execute(DefaultChannelPipeline.java:1463)
	at io.netty.channel.DefaultChannelPipeline.callHandlerAddedForAllHandlers(DefaultChannelPipeline.java:1115)
	at io.netty.channel.DefaultChannelPipeline.invokeHandlerAddedIfNeeded(DefaultChannelPipeline.java:650)
	at io.netty.channel.AbstractChannel$AbstractUnsafe.register0(AbstractChannel.java:514)
	at io.netty.channel.AbstractChannel$AbstractUnsafe.access$200(AbstractChannel.java:429)
	at io.netty.channel.AbstractChannel$AbstractUnsafe$1.run(AbstractChannel.java:486)
	at io.netty.util.concurrent.AbstractEventExecutor.safeExecute(AbstractEventExecutor.java:164)
	at io.netty.util.concurrent.SingleThreadEventExecutor.runAllTasks(SingleThreadEventExecutor.java:469)
	at io.netty.channel.nio.NioEventLoop.run(NioEventLoop.java:500)
	at io.netty.util.concurrent.SingleThreadEventExecutor$4.run(SingleThreadEventExecutor.java:986)
	at io.netty.util.internal.ThreadExecutorMap$2.run(ThreadExecutorMap.java:74)
	at io.netty.util.concurrent.FastThreadLocalRunnable.run(FastThreadLocalRunnable.java:30)
	at java.base/java.lang.Thread.run(Thread.java:834)

2021-12-16 06:45:30,313 AsyncHttpClient-1-2 ERROR Could not create plugin of type class org.apache.logging.log4j.core.appender.FileAppender for element File: java.lang.IllegalStateException: ManagerFactory [org.apache.logging.log4j.core.appender.FileManager$FileManagerFactory@4d65b13e] unable to create manager for [logs/${ctx:threadName}.log] with data [org.apache.logging.log4j.core.appender.FileManager$FactoryData@16da9aef] java.lang.IllegalStateException: ManagerFactory [org.apache.logging.log4j.core.appender.FileManager$FileManagerFactory@4d65b13e] unable to create manager for [logs/${ctx:threadName}.log] with data [org.apache.logging.log4j.core.appender.FileManager$FactoryData@16da9aef]
	at org.apache.logging.log4j.core.appender.AbstractManager.getManager(AbstractManager.java:115)
	at org.apache.logging.log4j.core.appender.OutputStreamManager.getManager(OutputStreamManager.java:100)
	at org.apache.logging.log4j.core.appender.FileManager.getFileManager(FileManager.java:182)
	at org.apache.logging.log4j.core.appender.FileAppender$Builder.build(FileAppender.java:96)
	at org.apache.logging.log4j.core.appender.FileAppender$Builder.build(FileAppender.java:52)
	at org.apache.logging.log4j.core.config.plugins.util.PluginBuilder.build(PluginBuilder.java:122)
	at org.apache.logging.log4j.core.config.AbstractConfiguration.createPluginObject(AbstractConfiguration.java:1000)
	at org.apache.logging.log4j.core.config.AbstractConfiguration.createConfiguration(AbstractConfiguration.java:940)
	at org.apache.logging.log4j.core.appender.routing.RoutingAppender.createAppender(RoutingAppender.java:299)
	at org.apache.logging.log4j.core.appender.routing.RoutingAppender.getControl(RoutingAppender.java:271)
	at org.apache.logging.log4j.core.appender.routing.RoutingAppender.append(RoutingAppender.java:229)
	at org.apache.logging.log4j.core.config.AppenderControl.tryCallAppender(AppenderControl.java:156)
	at org.apache.logging.log4j.core.config.AppenderControl.callAppender0(AppenderControl.java:129)
	at org.apache.logging.log4j.core.config.AppenderControl.callAppenderPreventRecursion(AppenderControl.java:120)
	at org.apache.logging.log4j.core.config.AppenderControl.callAppender(AppenderControl.java:84)
	at org.apache.logging.log4j.core.config.LoggerConfig.callAppenders(LoggerConfig.java:540)
	at org.apache.logging.log4j.core.config.LoggerConfig.processLogEvent(LoggerConfig.java:498)
	at org.apache.logging.log4j.core.config.LoggerConfig.log(LoggerConfig.java:481)
	at org.apache.logging.log4j.core.config.LoggerConfig.log(LoggerConfig.java:410)
	at org.apache.logging.log4j.core.config.AwaitCompletionReliabilityStrategy.log(AwaitCompletionReliabilityStrategy.java:63)
	at org.apache.logging.log4j.core.Logger.logMessage(Logger.java:153)
	at org.apache.logging.log4j.spi.ExtendedLoggerWrapper.logMessage(ExtendedLoggerWrapper.java:222)
	at org.apache.logging.log4j.spi.AbstractLogger.log(AbstractLogger.java:2117)
	at org.apache.logging.log4j.spi.AbstractLogger.tryLogMessage(AbstractLogger.java:2205)
	at org.apache.logging.log4j.spi.AbstractLogger.logMessageTrackRecursion(AbstractLogger.java:2159)
	at org.apache.logging.log4j.spi.AbstractLogger.logMessageSafely(AbstractLogger.java:2142)
	at org.apache.logging.log4j.spi.AbstractLogger.logMessage(AbstractLogger.java:2040)
	at org.apache.logging.log4j.spi.AbstractLogger.logIfEnabled(AbstractLogger.java:1907)
	at org.apache.logging.log4j.spi.AbstractLogger.debug(AbstractLogger.java:458)
	at io.netty.buffer.AbstractByteBuf.<clinit>(AbstractByteBuf.java:64)
	at io.netty.buffer.UnpooledByteBufAllocator.newDirectBuffer(UnpooledByteBufAllocator.java:91)
	at io.netty.buffer.AbstractByteBufAllocator.directBuffer(AbstractByteBufAllocator.java:188)
	at io.netty.buffer.AbstractByteBufAllocator.directBuffer(AbstractByteBufAllocator.java:179)
	at io.netty.buffer.Unpooled.directBuffer(Unpooled.java:127)
	at io.netty.handler.codec.http.HttpObjectEncoder.<clinit>(HttpObjectEncoder.java:53)
	at io.netty.handler.codec.http.HttpClientCodec.<init>(HttpClientCodec.java:152)
	at io.netty.handler.codec.http.HttpClientCodec.<init>(HttpClientCodec.java:140)
	at io.netty.handler.codec.http.HttpClientCodec.<init>(HttpClientCodec.java:129)
	at io.netty.handler.codec.http.HttpClientCodec.<init>(HttpClientCodec.java:119)
	at org.asynchttpclient.netty.channel.ChannelManager.newHttpClientCodec(ChannelManager.java:332)
	at org.asynchttpclient.netty.channel.ChannelManager.access$100(ChannelManager.java:70)
	at org.asynchttpclient.netty.channel.ChannelManager$1.initChannel(ChannelManager.java:221)
	at io.netty.channel.ChannelInitializer.initChannel(ChannelInitializer.java:129)
	at io.netty.channel.ChannelInitializer.handlerAdded(ChannelInitializer.java:112)
	at io.netty.channel.AbstractChannelHandlerContext.callHandlerAdded(AbstractChannelHandlerContext.java:938)
	at io.netty.channel.DefaultChannelPipeline.callHandlerAdded0(DefaultChannelPipeline.java:609)
	at io.netty.channel.DefaultChannelPipeline.access$100(DefaultChannelPipeline.java:46)
	at io.netty.channel.DefaultChannelPipeline$PendingHandlerAddedTask.execute(DefaultChannelPipeline.java:1463)
	at io.netty.channel.DefaultChannelPipeline.callHandlerAddedForAllHandlers(DefaultChannelPipeline.java:1115)
	at io.netty.channel.DefaultChannelPipeline.invokeHandlerAddedIfNeeded(DefaultChannelPipeline.java:650)
	at io.netty.channel.AbstractChannel$AbstractUnsafe.register0(AbstractChannel.java:514)
	at io.netty.channel.AbstractChannel$AbstractUnsafe.access$200(AbstractChannel.java:429)
	at io.netty.channel.AbstractChannel$AbstractUnsafe$1.run(AbstractChannel.java:486)
	at io.netty.util.concurrent.AbstractEventExecutor.safeExecute(AbstractEventExecutor.java:164)
	at io.netty.util.concurrent.SingleThreadEventExecutor.runAllTasks(SingleThreadEventExecutor.java:469)
	at io.netty.channel.nio.NioEventLoop.run(NioEventLoop.java:500)
	at io.netty.util.concurrent.SingleThreadEventExecutor$4.run(SingleThreadEventExecutor.java:986)
	at io.netty.util.internal.ThreadExecutorMap$2.run(ThreadExecutorMap.java:74)
	at io.netty.util.concurrent.FastThreadLocalRunnable.run(FastThreadLocalRunnable.java:30)
	at java.base/java.lang.Thread.run(Thread.java:834)

2021-12-16 06:45:30,314 AsyncHttpClient-1-2 ERROR Unable to invoke factory method in class org.apache.logging.log4j.core.appender.FileAppender for element File: java.lang.IllegalStateException: No factory method found for class org.apache.logging.log4j.core.appender.FileAppender java.lang.IllegalStateException: No factory method found for class org.apache.logging.log4j.core.appender.FileAppender
	at org.apache.logging.log4j.core.config.plugins.util.PluginBuilder.findFactoryMethod(PluginBuilder.java:234)
	at org.apache.logging.log4j.core.config.plugins.util.PluginBuilder.build(PluginBuilder.java:134)
	at org.apache.logging.log4j.core.config.AbstractConfiguration.createPluginObject(AbstractConfiguration.java:1000)
	at org.apache.logging.log4j.core.config.AbstractConfiguration.createConfiguration(AbstractConfiguration.java:940)
	at org.apache.logging.log4j.core.appender.routing.RoutingAppender.createAppender(RoutingAppender.java:299)
	at org.apache.logging.log4j.core.appender.routing.RoutingAppender.getControl(RoutingAppender.java:271)
	at org.apache.logging.log4j.core.appender.routing.RoutingAppender.append(RoutingAppender.java:229)
	at org.apache.logging.log4j.core.config.AppenderControl.tryCallAppender(AppenderControl.java:156)
	at org.apache.logging.log4j.core.config.AppenderControl.callAppender0(AppenderControl.java:129)
	at org.apache.logging.log4j.core.config.AppenderControl.callAppenderPreventRecursion(AppenderControl.java:120)
	at org.apache.logging.log4j.core.config.AppenderControl.callAppender(AppenderControl.java:84)
	at org.apache.logging.log4j.core.config.LoggerConfig.callAppenders(LoggerConfig.java:540)
	at org.apache.logging.log4j.core.config.LoggerConfig.processLogEvent(LoggerConfig.java:498)
	at org.apache.logging.log4j.core.config.LoggerConfig.log(LoggerConfig.java:481)
	at org.apache.logging.log4j.core.config.LoggerConfig.log(LoggerConfig.java:410)
	at org.apache.logging.log4j.core.config.AwaitCompletionReliabilityStrategy.log(AwaitCompletionReliabilityStrategy.java:63)
	at org.apache.logging.log4j.core.Logger.logMessage(Logger.java:153)
	at org.apache.logging.log4j.spi.ExtendedLoggerWrapper.logMessage(ExtendedLoggerWrapper.java:222)
	at org.apache.logging.log4j.spi.AbstractLogger.log(AbstractLogger.java:2117)
	at org.apache.logging.log4j.spi.AbstractLogger.tryLogMessage(AbstractLogger.java:2205)
	at org.apache.logging.log4j.spi.AbstractLogger.logMessageTrackRecursion(AbstractLogger.java:2159)
	at org.apache.logging.log4j.spi.AbstractLogger.logMessageSafely(AbstractLogger.java:2142)
	at org.apache.logging.log4j.spi.AbstractLogger.logMessage(AbstractLogger.java:2040)
	at org.apache.logging.log4j.spi.AbstractLogger.logIfEnabled(AbstractLogger.java:1907)
	at org.apache.logging.log4j.spi.AbstractLogger.debug(AbstractLogger.java:458)
	at io.netty.buffer.AbstractByteBuf.<clinit>(AbstractByteBuf.java:64)
	at io.netty.buffer.UnpooledByteBufAllocator.newDirectBuffer(UnpooledByteBufAllocator.java:91)
	at io.netty.buffer.AbstractByteBufAllocator.directBuffer(AbstractByteBufAllocator.java:188)
	at io.netty.buffer.AbstractByteBufAllocator.directBuffer(AbstractByteBufAllocator.java:179)
	at io.netty.buffer.Unpooled.directBuffer(Unpooled.java:127)
	at io.netty.handler.codec.http.HttpObjectEncoder.<clinit>(HttpObjectEncoder.java:53)
	at io.netty.handler.codec.http.HttpClientCodec.<init>(HttpClientCodec.java:152)
	at io.netty.handler.codec.http.HttpClientCodec.<init>(HttpClientCodec.java:140)
	at io.netty.handler.codec.http.HttpClientCodec.<init>(HttpClientCodec.java:129)
	at io.netty.handler.codec.http.HttpClientCodec.<init>(HttpClientCodec.java:119)
	at org.asynchttpclient.netty.channel.ChannelManager.newHttpClientCodec(ChannelManager.java:332)
	at org.asynchttpclient.netty.channel.ChannelManager.access$100(ChannelManager.java:70)
	at org.asynchttpclient.netty.channel.ChannelManager$1.initChannel(ChannelManager.java:221)
	at io.netty.channel.ChannelInitializer.initChannel(ChannelInitializer.java:129)
	at io.netty.channel.ChannelInitializer.handlerAdded(ChannelInitializer.java:112)
	at io.netty.channel.AbstractChannelHandlerContext.callHandlerAdded(AbstractChannelHandlerContext.java:938)
	at io.netty.channel.DefaultChannelPipeline.callHandlerAdded0(DefaultChannelPipeline.java:609)
	at io.netty.channel.DefaultChannelPipeline.access$100(DefaultChannelPipeline.java:46)
	at io.netty.channel.DefaultChannelPipeline$PendingHandlerAddedTask.execute(DefaultChannelPipeline.java:1463)
	at io.netty.channel.DefaultChannelPipeline.callHandlerAddedForAllHandlers(DefaultChannelPipeline.java:1115)
	at io.netty.channel.DefaultChannelPipeline.invokeHandlerAddedIfNeeded(DefaultChannelPipeline.java:650)
	at io.netty.channel.AbstractChannel$AbstractUnsafe.register0(AbstractChannel.java:514)
	at io.netty.channel.AbstractChannel$AbstractUnsafe.access$200(AbstractChannel.java:429)
	at io.netty.channel.AbstractChannel$AbstractUnsafe$1.run(AbstractChannel.java:486)
	at io.netty.util.concurrent.AbstractEventExecutor.safeExecute(AbstractEventExecutor.java:164)
	at io.netty.util.concurrent.SingleThreadEventExecutor.runAllTasks(SingleThreadEventExecutor.java:469)
	at io.netty.channel.nio.NioEventLoop.run(NioEventLoop.java:500)
	at io.netty.util.concurrent.SingleThreadEventExecutor$4.run(SingleThreadEventExecutor.java:986)
	at io.netty.util.internal.ThreadExecutorMap$2.run(ThreadExecutorMap.java:74)
	at io.netty.util.concurrent.FastThreadLocalRunnable.run(FastThreadLocalRunnable.java:30)
	at java.base/java.lang.Thread.run(Thread.java:834)

2021-12-16 06:45:30,315 AsyncHttpClient-1-2 ERROR Unable to create Appender of type File
2021-12-16 06:45:30,316 AsyncHttpClient-1-2 ERROR FileManager (logs/${ctx:threadName}.log) java.io.IOException: The filename, directory name, or volume label syntax is incorrect java.io.IOException: The filename, directory name, or volume label syntax is incorrect
	at java.base/java.io.WinNTFileSystem.canonicalizeWithPrefix0(Native Method)
	at java.base/java.io.WinNTFileSystem.canonicalizeWithPrefix(WinNTFileSystem.java:461)
	at java.base/java.io.WinNTFileSystem.canonicalize(WinNTFileSystem.java:432)
	at java.base/java.io.File.getCanonicalPath(File.java:626)
	at java.base/java.io.File.getCanonicalFile(File.java:651)
	at org.apache.logging.log4j.core.util.FileUtils.makeParentDirs(FileUtils.java:135)
	at org.apache.logging.log4j.core.appender.FileManager$FileManagerFactory.createManager(FileManager.java:434)
	at org.apache.logging.log4j.core.appender.FileManager$FileManagerFactory.createManager(FileManager.java:422)
	at org.apache.logging.log4j.core.appender.AbstractManager.getManager(AbstractManager.java:113)
	at org.apache.logging.log4j.core.appender.OutputStreamManager.getManager(OutputStreamManager.java:100)
	at org.apache.logging.log4j.core.appender.FileManager.getFileManager(FileManager.java:182)
	at org.apache.logging.log4j.core.appender.FileAppender$Builder.build(FileAppender.java:96)
	at org.apache.logging.log4j.core.appender.FileAppender$Builder.build(FileAppender.java:52)
	at org.apache.logging.log4j.core.config.plugins.util.PluginBuilder.build(PluginBuilder.java:122)
	at org.apache.logging.log4j.core.config.AbstractConfiguration.createPluginObject(AbstractConfiguration.java:1000)
	at org.apache.logging.log4j.core.config.AbstractConfiguration.createConfiguration(AbstractConfiguration.java:940)
	at org.apache.logging.log4j.core.appender.routing.RoutingAppender.createAppender(RoutingAppender.java:299)
	at org.apache.logging.log4j.core.appender.routing.RoutingAppender.getControl(RoutingAppender.java:271)
	at org.apache.logging.log4j.core.appender.routing.RoutingAppender.append(RoutingAppender.java:229)
	at org.apache.logging.log4j.core.config.AppenderControl.tryCallAppender(AppenderControl.java:156)
	at org.apache.logging.log4j.core.config.AppenderControl.callAppender0(AppenderControl.java:129)
	at org.apache.logging.log4j.core.config.AppenderControl.callAppenderPreventRecursion(AppenderControl.java:120)
	at org.apache.logging.log4j.core.config.AppenderControl.callAppender(AppenderControl.java:84)
	at org.apache.logging.log4j.core.config.LoggerConfig.callAppenders(LoggerConfig.java:540)
	at org.apache.logging.log4j.core.config.LoggerConfig.processLogEvent(LoggerConfig.java:498)
	at org.apache.logging.log4j.core.config.LoggerConfig.log(LoggerConfig.java:481)
	at org.apache.logging.log4j.core.config.LoggerConfig.log(LoggerConfig.java:410)
	at org.apache.logging.log4j.core.config.AwaitCompletionReliabilityStrategy.log(AwaitCompletionReliabilityStrategy.java:63)
	at org.apache.logging.log4j.core.Logger.logMessage(Logger.java:153)
	at org.apache.logging.log4j.spi.ExtendedLoggerWrapper.logMessage(ExtendedLoggerWrapper.java:222)
	at org.apache.logging.log4j.spi.AbstractLogger.log(AbstractLogger.java:2117)
	at org.apache.logging.log4j.spi.AbstractLogger.tryLogMessage(AbstractLogger.java:2205)
	at org.apache.logging.log4j.spi.AbstractLogger.logMessageTrackRecursion(AbstractLogger.java:2159)
	at org.apache.logging.log4j.spi.AbstractLogger.logMessageSafely(AbstractLogger.java:2142)
	at org.apache.logging.log4j.spi.AbstractLogger.logMessage(AbstractLogger.java:2034)
	at org.apache.logging.log4j.spi.AbstractLogger.logIfEnabled(AbstractLogger.java:1899)
	at org.apache.logging.log4j.spi.AbstractLogger.debug(AbstractLogger.java:453)
	at io.netty.util.ResourceLeakDetectorFactory$DefaultResourceLeakDetectorFactory.newResourceLeakDetector(ResourceLeakDetectorFactory.java:196)
	at io.netty.util.ResourceLeakDetectorFactory.newResourceLeakDetector(ResourceLeakDetectorFactory.java:63)
	at io.netty.buffer.AbstractByteBuf.<clinit>(AbstractByteBuf.java:69)
	at io.netty.buffer.UnpooledByteBufAllocator.newDirectBuffer(UnpooledByteBufAllocator.java:91)
	at io.netty.buffer.AbstractByteBufAllocator.directBuffer(AbstractByteBufAllocator.java:188)
	at io.netty.buffer.AbstractByteBufAllocator.directBuffer(AbstractByteBufAllocator.java:179)
	at io.netty.buffer.Unpooled.directBuffer(Unpooled.java:127)
	at io.netty.handler.codec.http.HttpObjectEncoder.<clinit>(HttpObjectEncoder.java:53)
	at io.netty.handler.codec.http.HttpClientCodec.<init>(HttpClientCodec.java:152)
	at io.netty.handler.codec.http.HttpClientCodec.<init>(HttpClientCodec.java:140)
	at io.netty.handler.codec.http.HttpClientCodec.<init>(HttpClientCodec.java:129)
	at io.netty.handler.codec.http.HttpClientCodec.<init>(HttpClientCodec.java:119)
	at org.asynchttpclient.netty.channel.ChannelManager.newHttpClientCodec(ChannelManager.java:332)
	at org.asynchttpclient.netty.channel.ChannelManager.access$100(ChannelManager.java:70)
	at org.asynchttpclient.netty.channel.ChannelManager$1.initChannel(ChannelManager.java:221)
	at io.netty.channel.ChannelInitializer.initChannel(ChannelInitializer.java:129)
	at io.netty.channel.ChannelInitializer.handlerAdded(ChannelInitializer.java:112)
	at io.netty.channel.AbstractChannelHandlerContext.callHandlerAdded(AbstractChannelHandlerContext.java:938)
	at io.netty.channel.DefaultChannelPipeline.callHandlerAdded0(DefaultChannelPipeline.java:609)
	at io.netty.channel.DefaultChannelPipeline.access$100(DefaultChannelPipeline.java:46)
	at io.netty.channel.DefaultChannelPipeline$PendingHandlerAddedTask.execute(DefaultChannelPipeline.java:1463)
	at io.netty.channel.DefaultChannelPipeline.callHandlerAddedForAllHandlers(DefaultChannelPipeline.java:1115)
	at io.netty.channel.DefaultChannelPipeline.invokeHandlerAddedIfNeeded(DefaultChannelPipeline.java:650)
	at io.netty.channel.AbstractChannel$AbstractUnsafe.register0(AbstractChannel.java:514)
	at io.netty.channel.AbstractChannel$AbstractUnsafe.access$200(AbstractChannel.java:429)
	at io.netty.channel.AbstractChannel$AbstractUnsafe$1.run(AbstractChannel.java:486)
	at io.netty.util.concurrent.AbstractEventExecutor.safeExecute(AbstractEventExecutor.java:164)
	at io.netty.util.concurrent.SingleThreadEventExecutor.runAllTasks(SingleThreadEventExecutor.java:469)
	at io.netty.channel.nio.NioEventLoop.run(NioEventLoop.java:500)
	at io.netty.util.concurrent.SingleThreadEventExecutor$4.run(SingleThreadEventExecutor.java:986)
	at io.netty.util.internal.ThreadExecutorMap$2.run(ThreadExecutorMap.java:74)
	at io.netty.util.concurrent.FastThreadLocalRunnable.run(FastThreadLocalRunnable.java:30)
	at java.base/java.lang.Thread.run(Thread.java:834)

2021-12-16 06:45:30,317 AsyncHttpClient-1-2 ERROR Could not create plugin of type class org.apache.logging.log4j.core.appender.FileAppender for element File: java.lang.IllegalStateException: ManagerFactory [org.apache.logging.log4j.core.appender.FileManager$FileManagerFactory@4d65b13e] unable to create manager for [logs/${ctx:threadName}.log] with data [org.apache.logging.log4j.core.appender.FileManager$FactoryData@1cc21441] java.lang.IllegalStateException: ManagerFactory [org.apache.logging.log4j.core.appender.FileManager$FileManagerFactory@4d65b13e] unable to create manager for [logs/${ctx:threadName}.log] with data [org.apache.logging.log4j.core.appender.FileManager$FactoryData@1cc21441]
	at org.apache.logging.log4j.core.appender.AbstractManager.getManager(AbstractManager.java:115)
	at org.apache.logging.log4j.core.appender.OutputStreamManager.getManager(OutputStreamManager.java:100)
	at org.apache.logging.log4j.core.appender.FileManager.getFileManager(FileManager.java:182)
	at org.apache.logging.log4j.core.appender.FileAppender$Builder.build(FileAppender.java:96)
	at org.apache.logging.log4j.core.appender.FileAppender$Builder.build(FileAppender.java:52)
	at org.apache.logging.log4j.core.config.plugins.util.PluginBuilder.build(PluginBuilder.java:122)
	at org.apache.logging.log4j.core.config.AbstractConfiguration.createPluginObject(AbstractConfiguration.java:1000)
	at org.apache.logging.log4j.core.config.AbstractConfiguration.createConfiguration(AbstractConfiguration.java:940)
	at org.apache.logging.log4j.core.appender.routing.RoutingAppender.createAppender(RoutingAppender.java:299)
	at org.apache.logging.log4j.core.appender.routing.RoutingAppender.getControl(RoutingAppender.java:271)
	at org.apache.logging.log4j.core.appender.routing.RoutingAppender.append(RoutingAppender.java:229)
	at org.apache.logging.log4j.core.config.AppenderControl.tryCallAppender(AppenderControl.java:156)
	at org.apache.logging.log4j.core.config.AppenderControl.callAppender0(AppenderControl.java:129)
	at org.apache.logging.log4j.core.config.AppenderControl.callAppenderPreventRecursion(AppenderControl.java:120)
	at org.apache.logging.log4j.core.config.AppenderControl.callAppender(AppenderControl.java:84)
	at org.apache.logging.log4j.core.config.LoggerConfig.callAppenders(LoggerConfig.java:540)
	at org.apache.logging.log4j.core.config.LoggerConfig.processLogEvent(LoggerConfig.java:498)
	at org.apache.logging.log4j.core.config.LoggerConfig.log(LoggerConfig.java:481)
	at org.apache.logging.log4j.core.config.LoggerConfig.log(LoggerConfig.java:410)
	at org.apache.logging.log4j.core.config.AwaitCompletionReliabilityStrategy.log(AwaitCompletionReliabilityStrategy.java:63)
	at org.apache.logging.log4j.core.Logger.logMessage(Logger.java:153)
	at org.apache.logging.log4j.spi.ExtendedLoggerWrapper.logMessage(ExtendedLoggerWrapper.java:222)
	at org.apache.logging.log4j.spi.AbstractLogger.log(AbstractLogger.java:2117)
	at org.apache.logging.log4j.spi.AbstractLogger.tryLogMessage(AbstractLogger.java:2205)
	at org.apache.logging.log4j.spi.AbstractLogger.logMessageTrackRecursion(AbstractLogger.java:2159)
	at org.apache.logging.log4j.spi.AbstractLogger.logMessageSafely(AbstractLogger.java:2142)
	at org.apache.logging.log4j.spi.AbstractLogger.logMessage(AbstractLogger.java:2034)
	at org.apache.logging.log4j.spi.AbstractLogger.logIfEnabled(AbstractLogger.java:1899)
	at org.apache.logging.log4j.spi.AbstractLogger.debug(AbstractLogger.java:453)
	at io.netty.util.ResourceLeakDetectorFactory$DefaultResourceLeakDetectorFactory.newResourceLeakDetector(ResourceLeakDetectorFactory.java:196)
	at io.netty.util.ResourceLeakDetectorFactory.newResourceLeakDetector(ResourceLeakDetectorFactory.java:63)
	at io.netty.buffer.AbstractByteBuf.<clinit>(AbstractByteBuf.java:69)
	at io.netty.buffer.UnpooledByteBufAllocator.newDirectBuffer(UnpooledByteBufAllocator.java:91)
	at io.netty.buffer.AbstractByteBufAllocator.directBuffer(AbstractByteBufAllocator.java:188)
	at io.netty.buffer.AbstractByteBufAllocator.directBuffer(AbstractByteBufAllocator.java:179)
	at io.netty.buffer.Unpooled.directBuffer(Unpooled.java:127)
	at io.netty.handler.codec.http.HttpObjectEncoder.<clinit>(HttpObjectEncoder.java:53)
	at io.netty.handler.codec.http.HttpClientCodec.<init>(HttpClientCodec.java:152)
	at io.netty.handler.codec.http.HttpClientCodec.<init>(HttpClientCodec.java:140)
	at io.netty.handler.codec.http.HttpClientCodec.<init>(HttpClientCodec.java:129)
	at io.netty.handler.codec.http.HttpClientCodec.<init>(HttpClientCodec.java:119)
	at org.asynchttpclient.netty.channel.ChannelManager.newHttpClientCodec(ChannelManager.java:332)
	at org.asynchttpclient.netty.channel.ChannelManager.access$100(ChannelManager.java:70)
	at org.asynchttpclient.netty.channel.ChannelManager$1.initChannel(ChannelManager.java:221)
	at io.netty.channel.ChannelInitializer.initChannel(ChannelInitializer.java:129)
	at io.netty.channel.ChannelInitializer.handlerAdded(ChannelInitializer.java:112)
	at io.netty.channel.AbstractChannelHandlerContext.callHandlerAdded(AbstractChannelHandlerContext.java:938)
	at io.netty.channel.DefaultChannelPipeline.callHandlerAdded0(DefaultChannelPipeline.java:609)
	at io.netty.channel.DefaultChannelPipeline.access$100(DefaultChannelPipeline.java:46)
	at io.netty.channel.DefaultChannelPipeline$PendingHandlerAddedTask.execute(DefaultChannelPipeline.java:1463)
	at io.netty.channel.DefaultChannelPipeline.callHandlerAddedForAllHandlers(DefaultChannelPipeline.java:1115)
	at io.netty.channel.DefaultChannelPipeline.invokeHandlerAddedIfNeeded(DefaultChannelPipeline.java:650)
	at io.netty.channel.AbstractChannel$AbstractUnsafe.register0(AbstractChannel.java:514)
	at io.netty.channel.AbstractChannel$AbstractUnsafe.access$200(AbstractChannel.java:429)
	at io.netty.channel.AbstractChannel$AbstractUnsafe$1.run(AbstractChannel.java:486)
	at io.netty.util.concurrent.AbstractEventExecutor.safeExecute(AbstractEventExecutor.java:164)
	at io.netty.util.concurrent.SingleThreadEventExecutor.runAllTasks(SingleThreadEventExecutor.java:469)
	at io.netty.channel.nio.NioEventLoop.run(NioEventLoop.java:500)
	at io.netty.util.concurrent.SingleThreadEventExecutor$4.run(SingleThreadEventExecutor.java:986)
	at io.netty.util.internal.ThreadExecutorMap$2.run(ThreadExecutorMap.java:74)
	at io.netty.util.concurrent.FastThreadLocalRunnable.run(FastThreadLocalRunnable.java:30)
	at java.base/java.lang.Thread.run(Thread.java:834)

2021-12-16 06:45:30,318 AsyncHttpClient-1-2 ERROR Unable to invoke factory method in class org.apache.logging.log4j.core.appender.FileAppender for element File: java.lang.IllegalStateException: No factory method found for class org.apache.logging.log4j.core.appender.FileAppender java.lang.IllegalStateException: No factory method found for class org.apache.logging.log4j.core.appender.FileAppender
	at org.apache.logging.log4j.core.config.plugins.util.PluginBuilder.findFactoryMethod(PluginBuilder.java:234)
	at org.apache.logging.log4j.core.config.plugins.util.PluginBuilder.build(PluginBuilder.java:134)
	at org.apache.logging.log4j.core.config.AbstractConfiguration.createPluginObject(AbstractConfiguration.java:1000)
	at org.apache.logging.log4j.core.config.AbstractConfiguration.createConfiguration(AbstractConfiguration.java:940)
	at org.apache.logging.log4j.core.appender.routing.RoutingAppender.createAppender(RoutingAppender.java:299)
	at org.apache.logging.log4j.core.appender.routing.RoutingAppender.getControl(RoutingAppender.java:271)
	at org.apache.logging.log4j.core.appender.routing.RoutingAppender.append(RoutingAppender.java:229)
	at org.apache.logging.log4j.core.config.AppenderControl.tryCallAppender(AppenderControl.java:156)
	at org.apache.logging.log4j.core.config.AppenderControl.callAppender0(AppenderControl.java:129)
	at org.apache.logging.log4j.core.config.AppenderControl.callAppenderPreventRecursion(AppenderControl.java:120)
	at org.apache.logging.log4j.core.config.AppenderControl.callAppender(AppenderControl.java:84)
	at org.apache.logging.log4j.core.config.LoggerConfig.callAppenders(LoggerConfig.java:540)
	at org.apache.logging.log4j.core.config.LoggerConfig.processLogEvent(LoggerConfig.java:498)
	at org.apache.logging.log4j.core.config.LoggerConfig.log(LoggerConfig.java:481)
	at org.apache.logging.log4j.core.config.LoggerConfig.log(LoggerConfig.java:410)
	at org.apache.logging.log4j.core.config.AwaitCompletionReliabilityStrategy.log(AwaitCompletionReliabilityStrategy.java:63)
	at org.apache.logging.log4j.core.Logger.logMessage(Logger.java:153)
	at org.apache.logging.log4j.spi.ExtendedLoggerWrapper.logMessage(ExtendedLoggerWrapper.java:222)
	at org.apache.logging.log4j.spi.AbstractLogger.log(AbstractLogger.java:2117)
	at org.apache.logging.log4j.spi.AbstractLogger.tryLogMessage(AbstractLogger.java:2205)
	at org.apache.logging.log4j.spi.AbstractLogger.logMessageTrackRecursion(AbstractLogger.java:2159)
	at org.apache.logging.log4j.spi.AbstractLogger.logMessageSafely(AbstractLogger.java:2142)
	at org.apache.logging.log4j.spi.AbstractLogger.logMessage(AbstractLogger.java:2034)
	at org.apache.logging.log4j.spi.AbstractLogger.logIfEnabled(AbstractLogger.java:1899)
	at org.apache.logging.log4j.spi.AbstractLogger.debug(AbstractLogger.java:453)
	at io.netty.util.ResourceLeakDetectorFactory$DefaultResourceLeakDetectorFactory.newResourceLeakDetector(ResourceLeakDetectorFactory.java:196)
	at io.netty.util.ResourceLeakDetectorFactory.newResourceLeakDetector(ResourceLeakDetectorFactory.java:63)
	at io.netty.buffer.AbstractByteBuf.<clinit>(AbstractByteBuf.java:69)
	at io.netty.buffer.UnpooledByteBufAllocator.newDirectBuffer(UnpooledByteBufAllocator.java:91)
	at io.netty.buffer.AbstractByteBufAllocator.directBuffer(AbstractByteBufAllocator.java:188)
	at io.netty.buffer.AbstractByteBufAllocator.directBuffer(AbstractByteBufAllocator.java:179)
	at io.netty.buffer.Unpooled.directBuffer(Unpooled.java:127)
	at io.netty.handler.codec.http.HttpObjectEncoder.<clinit>(HttpObjectEncoder.java:53)
	at io.netty.handler.codec.http.HttpClientCodec.<init>(HttpClientCodec.java:152)
	at io.netty.handler.codec.http.HttpClientCodec.<init>(HttpClientCodec.java:140)
	at io.netty.handler.codec.http.HttpClientCodec.<init>(HttpClientCodec.java:129)
	at io.netty.handler.codec.http.HttpClientCodec.<init>(HttpClientCodec.java:119)
	at org.asynchttpclient.netty.channel.ChannelManager.newHttpClientCodec(ChannelManager.java:332)
	at org.asynchttpclient.netty.channel.ChannelManager.access$100(ChannelManager.java:70)
	at org.asynchttpclient.netty.channel.ChannelManager$1.initChannel(ChannelManager.java:221)
	at io.netty.channel.ChannelInitializer.initChannel(ChannelInitializer.java:129)
	at io.netty.channel.ChannelInitializer.handlerAdded(ChannelInitializer.java:112)
	at io.netty.channel.AbstractChannelHandlerContext.callHandlerAdded(AbstractChannelHandlerContext.java:938)
	at io.netty.channel.DefaultChannelPipeline.callHandlerAdded0(DefaultChannelPipeline.java:609)
	at io.netty.channel.DefaultChannelPipeline.access$100(DefaultChannelPipeline.java:46)
	at io.netty.channel.DefaultChannelPipeline$PendingHandlerAddedTask.execute(DefaultChannelPipeline.java:1463)
	at io.netty.channel.DefaultChannelPipeline.callHandlerAddedForAllHandlers(DefaultChannelPipeline.java:1115)
	at io.netty.channel.DefaultChannelPipeline.invokeHandlerAddedIfNeeded(DefaultChannelPipeline.java:650)
	at io.netty.channel.AbstractChannel$AbstractUnsafe.register0(AbstractChannel.java:514)
	at io.netty.channel.AbstractChannel$AbstractUnsafe.access$200(AbstractChannel.java:429)
	at io.netty.channel.AbstractChannel$AbstractUnsafe$1.run(AbstractChannel.java:486)
	at io.netty.util.concurrent.AbstractEventExecutor.safeExecute(AbstractEventExecutor.java:164)
	at io.netty.util.concurrent.SingleThreadEventExecutor.runAllTasks(SingleThreadEventExecutor.java:469)
	at io.netty.channel.nio.NioEventLoop.run(NioEventLoop.java:500)
	at io.netty.util.concurrent.SingleThreadEventExecutor$4.run(SingleThreadEventExecutor.java:986)
	at io.netty.util.internal.ThreadExecutorMap$2.run(ThreadExecutorMap.java:74)
	at io.netty.util.concurrent.FastThreadLocalRunnable.run(FastThreadLocalRunnable.java:30)
	at java.base/java.lang.Thread.run(Thread.java:834)

2021-12-16 06:45:30,319 AsyncHttpClient-1-2 ERROR Unable to create Appender of type File
2021-12-16 06:45:30,354 AsyncHttpClient-1-3 ERROR FileManager (logs/${ctx:threadName}.log) java.io.IOException: The filename, directory name, or volume label syntax is incorrect java.io.IOException: The filename, directory name, or volume label syntax is incorrect
	at java.base/java.io.WinNTFileSystem.canonicalizeWithPrefix0(Native Method)
	at java.base/java.io.WinNTFileSystem.canonicalizeWithPrefix(WinNTFileSystem.java:461)
	at java.base/java.io.WinNTFileSystem.canonicalize(WinNTFileSystem.java:432)
	at java.base/java.io.File.getCanonicalPath(File.java:626)
	at java.base/java.io.File.getCanonicalFile(File.java:651)
	at org.apache.logging.log4j.core.util.FileUtils.makeParentDirs(FileUtils.java:135)
	at org.apache.logging.log4j.core.appender.FileManager$FileManagerFactory.createManager(FileManager.java:434)
	at org.apache.logging.log4j.core.appender.FileManager$FileManagerFactory.createManager(FileManager.java:422)
	at org.apache.logging.log4j.core.appender.AbstractManager.getManager(AbstractManager.java:113)
	at org.apache.logging.log4j.core.appender.OutputStreamManager.getManager(OutputStreamManager.java:100)
	at org.apache.logging.log4j.core.appender.FileManager.getFileManager(FileManager.java:182)
	at org.apache.logging.log4j.core.appender.FileAppender$Builder.build(FileAppender.java:96)
	at org.apache.logging.log4j.core.appender.FileAppender$Builder.build(FileAppender.java:52)
	at org.apache.logging.log4j.core.config.plugins.util.PluginBuilder.build(PluginBuilder.java:122)
	at org.apache.logging.log4j.core.config.AbstractConfiguration.createPluginObject(AbstractConfiguration.java:1000)
	at org.apache.logging.log4j.core.config.AbstractConfiguration.createConfiguration(AbstractConfiguration.java:940)
	at org.apache.logging.log4j.core.appender.routing.RoutingAppender.createAppender(RoutingAppender.java:299)
	at org.apache.logging.log4j.core.appender.routing.RoutingAppender.getControl(RoutingAppender.java:271)
	at org.apache.logging.log4j.core.appender.routing.RoutingAppender.append(RoutingAppender.java:229)
	at org.apache.logging.log4j.core.config.AppenderControl.tryCallAppender(AppenderControl.java:156)
	at org.apache.logging.log4j.core.config.AppenderControl.callAppender0(AppenderControl.java:129)
	at org.apache.logging.log4j.core.config.AppenderControl.callAppenderPreventRecursion(AppenderControl.java:120)
	at org.apache.logging.log4j.core.config.AppenderControl.callAppender(AppenderControl.java:84)
	at org.apache.logging.log4j.core.config.LoggerConfig.callAppenders(LoggerConfig.java:540)
	at org.apache.logging.log4j.core.config.LoggerConfig.processLogEvent(LoggerConfig.java:498)
	at org.apache.logging.log4j.core.config.LoggerConfig.log(LoggerConfig.java:481)
	at org.apache.logging.log4j.core.config.LoggerConfig.log(LoggerConfig.java:410)
	at org.apache.logging.log4j.core.config.AwaitCompletionReliabilityStrategy.log(AwaitCompletionReliabilityStrategy.java:63)
	at org.apache.logging.log4j.core.Logger.logMessage(Logger.java:153)
	at org.apache.logging.log4j.spi.ExtendedLoggerWrapper.logMessage(ExtendedLoggerWrapper.java:222)
	at org.apache.logging.log4j.spi.AbstractLogger.log(AbstractLogger.java:2117)
	at org.apache.logging.log4j.spi.AbstractLogger.tryLogMessage(AbstractLogger.java:2205)
	at org.apache.logging.log4j.spi.AbstractLogger.logMessageTrackRecursion(AbstractLogger.java:2159)
	at org.apache.logging.log4j.spi.AbstractLogger.logMessageSafely(AbstractLogger.java:2142)
	at org.apache.logging.log4j.spi.AbstractLogger.logMessage(AbstractLogger.java:2034)
	at org.apache.logging.log4j.spi.AbstractLogger.logIfEnabled(AbstractLogger.java:1899)
	at org.apache.logging.log4j.spi.AbstractLogger.debug(AbstractLogger.java:453)
	at io.netty.util.Recycler.<clinit>(Recycler.java:103)
	at io.netty.util.internal.ObjectPool$RecyclerObjectPool.<init>(ObjectPool.java:74)
	at io.netty.util.internal.ObjectPool.newPool(ObjectPool.java:67)
	at io.netty.buffer.PoolThreadCache$MemoryRegionCache.<clinit>(PoolThreadCache.java:463)
	at io.netty.buffer.PoolThreadCache.createSubPageCaches(PoolThreadCache.java:117)
	at io.netty.buffer.PoolThreadCache.<init>(PoolThreadCache.java:74)
	at io.netty.buffer.PooledByteBufAllocator$PoolThreadLocalCache.initialValue(PooledByteBufAllocator.java:516)
	at io.netty.buffer.PooledByteBufAllocator$PoolThreadLocalCache.initialValue(PooledByteBufAllocator.java:500)
	at io.netty.util.concurrent.FastThreadLocal.initialize(FastThreadLocal.java:177)
	at io.netty.util.concurrent.FastThreadLocal.get(FastThreadLocal.java:142)
	at io.netty.buffer.PooledByteBufAllocator.newDirectBuffer(PooledByteBufAllocator.java:390)
	at io.netty.buffer.AbstractByteBufAllocator.directBuffer(AbstractByteBufAllocator.java:188)
	at io.netty.buffer.AbstractByteBufAllocator.directBuffer(AbstractByteBufAllocator.java:179)
	at io.netty.buffer.AbstractByteBufAllocator.buffer(AbstractByteBufAllocator.java:116)
	at io.netty.handler.codec.http.HttpObjectEncoder.encode(HttpObjectEncoder.java:93)
	at io.netty.handler.codec.http.HttpClientCodec$Encoder.encode(HttpClientCodec.java:202)
	at io.netty.handler.codec.MessageToMessageEncoder.write(MessageToMessageEncoder.java:89)
	at io.netty.channel.CombinedChannelDuplexHandler.write(CombinedChannelDuplexHandler.java:346)
	at io.netty.channel.AbstractChannelHandlerContext.invokeWrite0(AbstractChannelHandlerContext.java:717)
	at io.netty.channel.AbstractChannelHandlerContext.invokeWrite(AbstractChannelHandlerContext.java:709)
	at io.netty.channel.AbstractChannelHandlerContext.write(AbstractChannelHandlerContext.java:792)
	at io.netty.channel.AbstractChannelHandlerContext.write(AbstractChannelHandlerContext.java:702)
	at io.netty.handler.stream.ChunkedWriteHandler.doFlush(ChunkedWriteHandler.java:302)
	at io.netty.handler.stream.ChunkedWriteHandler.flush(ChunkedWriteHandler.java:131)
	at io.netty.channel.AbstractChannelHandlerContext.invokeFlush0(AbstractChannelHandlerContext.java:750)
	at io.netty.channel.AbstractChannelHandlerContext.invokeWriteAndFlush(AbstractChannelHandlerContext.java:765)
	at io.netty.channel.AbstractChannelHandlerContext.write(AbstractChannelHandlerContext.java:790)
	at io.netty.channel.AbstractChannelHandlerContext.writeAndFlush(AbstractChannelHandlerContext.java:758)
	at io.netty.channel.DefaultChannelPipeline.writeAndFlush(DefaultChannelPipeline.java:1020)
	at io.netty.channel.AbstractChannel.writeAndFlush(AbstractChannel.java:311)
	at org.asynchttpclient.netty.request.body.NettyInputStreamBody.write(NettyInputStreamBody.java:77)
	at org.asynchttpclient.netty.request.NettyRequestSender.writeRequest(NettyRequestSender.java:433)
	at org.asynchttpclient.netty.channel.NettyConnectListener.writeRequest(NettyConnectListener.java:80)
	at org.asynchttpclient.netty.channel.NettyConnectListener.onSuccess(NettyConnectListener.java:156)
	at org.asynchttpclient.netty.channel.NettyChannelConnector$1.onSuccess(NettyChannelConnector.java:92)
	at org.asynchttpclient.netty.SimpleChannelFutureListener.operationComplete(SimpleChannelFutureListener.java:26)
	at org.asynchttpclient.netty.SimpleChannelFutureListener.operationComplete(SimpleChannelFutureListener.java:20)
	at io.netty.util.concurrent.DefaultPromise.notifyListener0(DefaultPromise.java:578)
	at io.netty.util.concurrent.DefaultPromise.notifyListeners0(DefaultPromise.java:571)
	at io.netty.util.concurrent.DefaultPromise.notifyListenersNow(DefaultPromise.java:550)
	at io.netty.util.concurrent.DefaultPromise.notifyListeners(DefaultPromise.java:491)
	at io.netty.util.concurrent.DefaultPromise.setValue0(DefaultPromise.java:616)
	at io.netty.util.concurrent.DefaultPromise.setSuccess0(DefaultPromise.java:605)
	at io.netty.util.concurrent.DefaultPromise.trySuccess(DefaultPromise.java:104)
	at io.netty.channel.DefaultChannelPromise.trySuccess(DefaultChannelPromise.java:84)
	at io.netty.channel.nio.AbstractNioChannel$AbstractNioUnsafe.fulfillConnectPromise(AbstractNioChannel.java:300)
	at io.netty.channel.nio.AbstractNioChannel$AbstractNioUnsafe.finishConnect(AbstractNioChannel.java:335)
	at io.netty.channel.nio.NioEventLoop.processSelectedKey(NioEventLoop.java:707)
	at io.netty.channel.nio.NioEventLoop.processSelectedKeysOptimized(NioEventLoop.java:655)
	at io.netty.channel.nio.NioEventLoop.processSelectedKeys(NioEventLoop.java:581)
	at io.netty.channel.nio.NioEventLoop.run(NioEventLoop.java:493)
	at io.netty.util.concurrent.SingleThreadEventExecutor$4.run(SingleThreadEventExecutor.java:986)
	at io.netty.util.internal.ThreadExecutorMap$2.run(ThreadExecutorMap.java:74)
	at io.netty.util.concurrent.FastThreadLocalRunnable.run(FastThreadLocalRunnable.java:30)
	at java.base/java.lang.Thread.run(Thread.java:834)

2021-12-16 06:45:30,356 AsyncHttpClient-1-3 ERROR Could not create plugin of type class org.apache.logging.log4j.core.appender.FileAppender for element File: java.lang.IllegalStateException: ManagerFactory [org.apache.logging.log4j.core.appender.FileManager$FileManagerFactory@4d65b13e] unable to create manager for [logs/${ctx:threadName}.log] with data [org.apache.logging.log4j.core.appender.FileManager$FactoryData@13c3dd9] java.lang.IllegalStateException: ManagerFactory [org.apache.logging.log4j.core.appender.FileManager$FileManagerFactory@4d65b13e] unable to create manager for [logs/${ctx:threadName}.log] with data [org.apache.logging.log4j.core.appender.FileManager$FactoryData@13c3dd9]
	at org.apache.logging.log4j.core.appender.AbstractManager.getManager(AbstractManager.java:115)
	at org.apache.logging.log4j.core.appender.OutputStreamManager.getManager(OutputStreamManager.java:100)
	at org.apache.logging.log4j.core.appender.FileManager.getFileManager(FileManager.java:182)
	at org.apache.logging.log4j.core.appender.FileAppender$Builder.build(FileAppender.java:96)
	at org.apache.logging.log4j.core.appender.FileAppender$Builder.build(FileAppender.java:52)
	at org.apache.logging.log4j.core.config.plugins.util.PluginBuilder.build(PluginBuilder.java:122)
	at org.apache.logging.log4j.core.config.AbstractConfiguration.createPluginObject(AbstractConfiguration.java:1000)
	at org.apache.logging.log4j.core.config.AbstractConfiguration.createConfiguration(AbstractConfiguration.java:940)
	at org.apache.logging.log4j.core.appender.routing.RoutingAppender.createAppender(RoutingAppender.java:299)
	at org.apache.logging.log4j.core.appender.routing.RoutingAppender.getControl(RoutingAppender.java:271)
	at org.apache.logging.log4j.core.appender.routing.RoutingAppender.append(RoutingAppender.java:229)
	at org.apache.logging.log4j.core.config.AppenderControl.tryCallAppender(AppenderControl.java:156)
	at org.apache.logging.log4j.core.config.AppenderControl.callAppender0(AppenderControl.java:129)
	at org.apache.logging.log4j.core.config.AppenderControl.callAppenderPreventRecursion(AppenderControl.java:120)
	at org.apache.logging.log4j.core.config.AppenderControl.callAppender(AppenderControl.java:84)
	at org.apache.logging.log4j.core.config.LoggerConfig.callAppenders(LoggerConfig.java:540)
	at org.apache.logging.log4j.core.config.LoggerConfig.processLogEvent(LoggerConfig.java:498)
	at org.apache.logging.log4j.core.config.LoggerConfig.log(LoggerConfig.java:481)
	at org.apache.logging.log4j.core.config.LoggerConfig.log(LoggerConfig.java:410)
	at org.apache.logging.log4j.core.config.AwaitCompletionReliabilityStrategy.log(AwaitCompletionReliabilityStrategy.java:63)
	at org.apache.logging.log4j.core.Logger.logMessage(Logger.java:153)
	at org.apache.logging.log4j.spi.ExtendedLoggerWrapper.logMessage(ExtendedLoggerWrapper.java:222)
	at org.apache.logging.log4j.spi.AbstractLogger.log(AbstractLogger.java:2117)
	at org.apache.logging.log4j.spi.AbstractLogger.tryLogMessage(AbstractLogger.java:2205)
	at org.apache.logging.log4j.spi.AbstractLogger.logMessageTrackRecursion(AbstractLogger.java:2159)
	at org.apache.logging.log4j.spi.AbstractLogger.logMessageSafely(AbstractLogger.java:2142)
	at org.apache.logging.log4j.spi.AbstractLogger.logMessage(AbstractLogger.java:2034)
	at org.apache.logging.log4j.spi.AbstractLogger.logIfEnabled(AbstractLogger.java:1899)
	at org.apache.logging.log4j.spi.AbstractLogger.debug(AbstractLogger.java:453)
	at io.netty.util.Recycler.<clinit>(Recycler.java:103)
	at io.netty.util.internal.ObjectPool$RecyclerObjectPool.<init>(ObjectPool.java:74)
	at io.netty.util.internal.ObjectPool.newPool(ObjectPool.java:67)
	at io.netty.buffer.PoolThreadCache$MemoryRegionCache.<clinit>(PoolThreadCache.java:463)
	at io.netty.buffer.PoolThreadCache.createSubPageCaches(PoolThreadCache.java:117)
	at io.netty.buffer.PoolThreadCache.<init>(PoolThreadCache.java:74)
	at io.netty.buffer.PooledByteBufAllocator$PoolThreadLocalCache.initialValue(PooledByteBufAllocator.java:516)
	at io.netty.buffer.PooledByteBufAllocator$PoolThreadLocalCache.initialValue(PooledByteBufAllocator.java:500)
	at io.netty.util.concurrent.FastThreadLocal.initialize(FastThreadLocal.java:177)
	at io.netty.util.concurrent.FastThreadLocal.get(FastThreadLocal.java:142)
	at io.netty.buffer.PooledByteBufAllocator.newDirectBuffer(PooledByteBufAllocator.java:390)
	at io.netty.buffer.AbstractByteBufAllocator.directBuffer(AbstractByteBufAllocator.java:188)
	at io.netty.buffer.AbstractByteBufAllocator.directBuffer(AbstractByteBufAllocator.java:179)
	at io.netty.buffer.AbstractByteBufAllocator.buffer(AbstractByteBufAllocator.java:116)
	at io.netty.handler.codec.http.HttpObjectEncoder.encode(HttpObjectEncoder.java:93)
	at io.netty.handler.codec.http.HttpClientCodec$Encoder.encode(HttpClientCodec.java:202)
	at io.netty.handler.codec.MessageToMessageEncoder.write(MessageToMessageEncoder.java:89)
	at io.netty.channel.CombinedChannelDuplexHandler.write(CombinedChannelDuplexHandler.java:346)
	at io.netty.channel.AbstractChannelHandlerContext.invokeWrite0(AbstractChannelHandlerContext.java:717)
	at io.netty.channel.AbstractChannelHandlerContext.invokeWrite(AbstractChannelHandlerContext.java:709)
	at io.netty.channel.AbstractChannelHandlerContext.write(AbstractChannelHandlerContext.java:792)
	at io.netty.channel.AbstractChannelHandlerContext.write(AbstractChannelHandlerContext.java:702)
	at io.netty.handler.stream.ChunkedWriteHandler.doFlush(ChunkedWriteHandler.java:302)
	at io.netty.handler.stream.ChunkedWriteHandler.flush(ChunkedWriteHandler.java:131)
	at io.netty.channel.AbstractChannelHandlerContext.invokeFlush0(AbstractChannelHandlerContext.java:750)
	at io.netty.channel.AbstractChannelHandlerContext.invokeWriteAndFlush(AbstractChannelHandlerContext.java:765)
	at io.netty.channel.AbstractChannelHandlerContext.write(AbstractChannelHandlerContext.java:790)
	at io.netty.channel.AbstractChannelHandlerContext.writeAndFlush(AbstractChannelHandlerContext.java:758)
	at io.netty.channel.DefaultChannelPipeline.writeAndFlush(DefaultChannelPipeline.java:1020)
	at io.netty.channel.AbstractChannel.writeAndFlush(AbstractChannel.java:311)
	at org.asynchttpclient.netty.request.body.NettyInputStreamBody.write(NettyInputStreamBody.java:77)
	at org.asynchttpclient.netty.request.NettyRequestSender.writeRequest(NettyRequestSender.java:433)
	at org.asynchttpclient.netty.channel.NettyConnectListener.writeRequest(NettyConnectListener.java:80)
	at org.asynchttpclient.netty.channel.NettyConnectListener.onSuccess(NettyConnectListener.java:156)
	at org.asynchttpclient.netty.channel.NettyChannelConnector$1.onSuccess(NettyChannelConnector.java:92)
	at org.asynchttpclient.netty.SimpleChannelFutureListener.operationComplete(SimpleChannelFutureListener.java:26)
	at org.asynchttpclient.netty.SimpleChannelFutureListener.operationComplete(SimpleChannelFutureListener.java:20)
	at io.netty.util.concurrent.DefaultPromise.notifyListener0(DefaultPromise.java:578)
	at io.netty.util.concurrent.DefaultPromise.notifyListeners0(DefaultPromise.java:571)
	at io.netty.util.concurrent.DefaultPromise.notifyListenersNow(DefaultPromise.java:550)
	at io.netty.util.concurrent.DefaultPromise.notifyListeners(DefaultPromise.java:491)
	at io.netty.util.concurrent.DefaultPromise.setValue0(DefaultPromise.java:616)
	at io.netty.util.concurrent.DefaultPromise.setSuccess0(DefaultPromise.java:605)
	at io.netty.util.concurrent.DefaultPromise.trySuccess(DefaultPromise.java:104)
	at io.netty.channel.DefaultChannelPromise.trySuccess(DefaultChannelPromise.java:84)
	at io.netty.channel.nio.AbstractNioChannel$AbstractNioUnsafe.fulfillConnectPromise(AbstractNioChannel.java:300)
	at io.netty.channel.nio.AbstractNioChannel$AbstractNioUnsafe.finishConnect(AbstractNioChannel.java:335)
	at io.netty.channel.nio.NioEventLoop.processSelectedKey(NioEventLoop.java:707)
	at io.netty.channel.nio.NioEventLoop.processSelectedKeysOptimized(NioEventLoop.java:655)
	at io.netty.channel.nio.NioEventLoop.processSelectedKeys(NioEventLoop.java:581)
	at io.netty.channel.nio.NioEventLoop.run(NioEventLoop.java:493)
	at io.netty.util.concurrent.SingleThreadEventExecutor$4.run(SingleThreadEventExecutor.java:986)
	at io.netty.util.internal.ThreadExecutorMap$2.run(ThreadExecutorMap.java:74)
	at io.netty.util.concurrent.FastThreadLocalRunnable.run(FastThreadLocalRunnable.java:30)
	at java.base/java.lang.Thread.run(Thread.java:834)

2021-12-16 06:45:30,356 AsyncHttpClient-1-3 ERROR Unable to invoke factory method in class org.apache.logging.log4j.core.appender.FileAppender for element File: java.lang.IllegalStateException: No factory method found for class org.apache.logging.log4j.core.appender.FileAppender java.lang.IllegalStateException: No factory method found for class org.apache.logging.log4j.core.appender.FileAppender
	at org.apache.logging.log4j.core.config.plugins.util.PluginBuilder.findFactoryMethod(PluginBuilder.java:234)
	at org.apache.logging.log4j.core.config.plugins.util.PluginBuilder.build(PluginBuilder.java:134)
	at org.apache.logging.log4j.core.config.AbstractConfiguration.createPluginObject(AbstractConfiguration.java:1000)
	at org.apache.logging.log4j.core.config.AbstractConfiguration.createConfiguration(AbstractConfiguration.java:940)
	at org.apache.logging.log4j.core.appender.routing.RoutingAppender.createAppender(RoutingAppender.java:299)
	at org.apache.logging.log4j.core.appender.routing.RoutingAppender.getControl(RoutingAppender.java:271)
	at org.apache.logging.log4j.core.appender.routing.RoutingAppender.append(RoutingAppender.java:229)
	at org.apache.logging.log4j.core.config.AppenderControl.tryCallAppender(AppenderControl.java:156)
	at org.apache.logging.log4j.core.config.AppenderControl.callAppender0(AppenderControl.java:129)
	at org.apache.logging.log4j.core.config.AppenderControl.callAppenderPreventRecursion(AppenderControl.java:120)
	at org.apache.logging.log4j.core.config.AppenderControl.callAppender(AppenderControl.java:84)
	at org.apache.logging.log4j.core.config.LoggerConfig.callAppenders(LoggerConfig.java:540)
	at org.apache.logging.log4j.core.config.LoggerConfig.processLogEvent(LoggerConfig.java:498)
	at org.apache.logging.log4j.core.config.LoggerConfig.log(LoggerConfig.java:481)
	at org.apache.logging.log4j.core.config.LoggerConfig.log(LoggerConfig.java:410)
	at org.apache.logging.log4j.core.config.AwaitCompletionReliabilityStrategy.log(AwaitCompletionReliabilityStrategy.java:63)
	at org.apache.logging.log4j.core.Logger.logMessage(Logger.java:153)
	at org.apache.logging.log4j.spi.ExtendedLoggerWrapper.logMessage(ExtendedLoggerWrapper.java:222)
	at org.apache.logging.log4j.spi.AbstractLogger.log(AbstractLogger.java:2117)
	at org.apache.logging.log4j.spi.AbstractLogger.tryLogMessage(AbstractLogger.java:2205)
	at org.apache.logging.log4j.spi.AbstractLogger.logMessageTrackRecursion(AbstractLogger.java:2159)
	at org.apache.logging.log4j.spi.AbstractLogger.logMessageSafely(AbstractLogger.java:2142)
	at org.apache.logging.log4j.spi.AbstractLogger.logMessage(AbstractLogger.java:2034)
	at org.apache.logging.log4j.spi.AbstractLogger.logIfEnabled(AbstractLogger.java:1899)
	at org.apache.logging.log4j.spi.AbstractLogger.debug(AbstractLogger.java:453)
	at io.netty.util.Recycler.<clinit>(Recycler.java:103)
	at io.netty.util.internal.ObjectPool$RecyclerObjectPool.<init>(ObjectPool.java:74)
	at io.netty.util.internal.ObjectPool.newPool(ObjectPool.java:67)
	at io.netty.buffer.PoolThreadCache$MemoryRegionCache.<clinit>(PoolThreadCache.java:463)
	at io.netty.buffer.PoolThreadCache.createSubPageCaches(PoolThreadCache.java:117)
	at io.netty.buffer.PoolThreadCache.<init>(PoolThreadCache.java:74)
	at io.netty.buffer.PooledByteBufAllocator$PoolThreadLocalCache.initialValue(PooledByteBufAllocator.java:516)
	at io.netty.buffer.PooledByteBufAllocator$PoolThreadLocalCache.initialValue(PooledByteBufAllocator.java:500)
	at io.netty.util.concurrent.FastThreadLocal.initialize(FastThreadLocal.java:177)
	at io.netty.util.concurrent.FastThreadLocal.get(FastThreadLocal.java:142)
	at io.netty.buffer.PooledByteBufAllocator.newDirectBuffer(PooledByteBufAllocator.java:390)
	at io.netty.buffer.AbstractByteBufAllocator.directBuffer(AbstractByteBufAllocator.java:188)
	at io.netty.buffer.AbstractByteBufAllocator.directBuffer(AbstractByteBufAllocator.java:179)
	at io.netty.buffer.AbstractByteBufAllocator.buffer(AbstractByteBufAllocator.java:116)
	at io.netty.handler.codec.http.HttpObjectEncoder.encode(HttpObjectEncoder.java:93)
	at io.netty.handler.codec.http.HttpClientCodec$Encoder.encode(HttpClientCodec.java:202)
	at io.netty.handler.codec.MessageToMessageEncoder.write(MessageToMessageEncoder.java:89)
	at io.netty.channel.CombinedChannelDuplexHandler.write(CombinedChannelDuplexHandler.java:346)
	at io.netty.channel.AbstractChannelHandlerContext.invokeWrite0(AbstractChannelHandlerContext.java:717)
	at io.netty.channel.AbstractChannelHandlerContext.invokeWrite(AbstractChannelHandlerContext.java:709)
	at io.netty.channel.AbstractChannelHandlerContext.write(AbstractChannelHandlerContext.java:792)
	at io.netty.channel.AbstractChannelHandlerContext.write(AbstractChannelHandlerContext.java:702)
	at io.netty.handler.stream.ChunkedWriteHandler.doFlush(ChunkedWriteHandler.java:302)
	at io.netty.handler.stream.ChunkedWriteHandler.flush(ChunkedWriteHandler.java:131)
	at io.netty.channel.AbstractChannelHandlerContext.invokeFlush0(AbstractChannelHandlerContext.java:750)
	at io.netty.channel.AbstractChannelHandlerContext.invokeWriteAndFlush(AbstractChannelHandlerContext.java:765)
	at io.netty.channel.AbstractChannelHandlerContext.write(AbstractChannelHandlerContext.java:790)
	at io.netty.channel.AbstractChannelHandlerContext.writeAndFlush(AbstractChannelHandlerContext.java:758)
	at io.netty.channel.DefaultChannelPipeline.writeAndFlush(DefaultChannelPipeline.java:1020)
	at io.netty.channel.AbstractChannel.writeAndFlush(AbstractChannel.java:311)
	at org.asynchttpclient.netty.request.body.NettyInputStreamBody.write(NettyInputStreamBody.java:77)
	at org.asynchttpclient.netty.request.NettyRequestSender.writeRequest(NettyRequestSender.java:433)
	at org.asynchttpclient.netty.channel.NettyConnectListener.writeRequest(NettyConnectListener.java:80)
	at org.asynchttpclient.netty.channel.NettyConnectListener.onSuccess(NettyConnectListener.java:156)
	at org.asynchttpclient.netty.channel.NettyChannelConnector$1.onSuccess(NettyChannelConnector.java:92)
	at org.asynchttpclient.netty.SimpleChannelFutureListener.operationComplete(SimpleChannelFutureListener.java:26)
	at org.asynchttpclient.netty.SimpleChannelFutureListener.operationComplete(SimpleChannelFutureListener.java:20)
[...]
	at java.base/java.io.WinNTFileSystem.canonicalizeWithPrefix0(Native Method)
	at java.base/java.io.WinNTFileSystem.canonicalizeWithPrefix(WinNTFileSystem.java:461)
	at java.base/java.io.WinNTFileSystem.canonicalize(WinNTFileSystem.java:432)
	at java.base/java.io.File.getCanonicalPath(File.java:626)
	at java.base/java.io.File.getCanonicalFile(File.java:651)
	at org.apache.logging.log4j.core.util.FileUtils.makeParentDirs(FileUtils.java:135)
	at org.apache.logging.log4j.core.appender.FileManager$FileManagerFactory.createManager(FileManager.java:434)
	at org.apache.logging.log4j.core.appender.FileManager$FileManagerFactory.createManager(FileManager.java:422)
	at org.apache.logging.log4j.core.appender.AbstractManager.getManager(AbstractManager.java:113)
	at org.apache.logging.log4j.core.appender.OutputStreamManager.getManager(OutputStreamManager.java:100)
	at org.apache.logging.log4j.core.appender.FileManager.getFileManager(FileManager.java:182)
	at org.apache.logging.log4j.core.appender.FileAppender$Builder.build(FileAppender.java:96)
	at org.apache.logging.log4j.core.appender.FileAppender$Builder.build(FileAppender.java:52)
	at org.apache.logging.log4j.core.config.plugins.util.PluginBuilder.build(PluginBuilder.java:122)
	at org.apache.logging.log4j.core.config.AbstractConfiguration.createPluginObject(AbstractConfiguration.java:1000)
	at org.apache.logging.log4j.core.config.AbstractConfiguration.createConfiguration(AbstractConfiguration.java:940)
	at org.apache.logging.log4j.core.appender.routing.RoutingAppender.createAppender(RoutingAppender.java:299)
	at org.apache.logging.log4j.core.appender.routing.RoutingAppender.getControl(RoutingAppender.java:271)
	at org.apache.logging.log4j.core.appender.routing.RoutingAppender.append(RoutingAppender.java:229)
	at org.apache.logging.log4j.core.config.AppenderControl.tryCallAppender(AppenderControl.java:156)
	at org.apache.logging.log4j.core.config.AppenderControl.callAppender0(AppenderControl.java:129)
	at org.apache.logging.log4j.core.config.AppenderControl.callAppenderPreventRecursion(AppenderControl.java:120)
	at org.apache.logging.log4j.core.config.AppenderControl.callAppender(AppenderControl.java:84)
	at org.apache.logging.log4j.core.config.LoggerConfig.callAppenders(LoggerConfig.java:540)
	at org.apache.logging.log4j.core.config.LoggerConfig.processLogEvent(LoggerConfig.java:498)
	at org.apache.logging.log4j.core.config.LoggerConfig.log(LoggerConfig.java:481)
	at org.apache.logging.log4j.core.config.LoggerConfig.log(LoggerConfig.java:410)
	at org.apache.logging.log4j.core.config.AwaitCompletionReliabilityStrategy.log(AwaitCompletionReliabilityStrategy.java:63)
	at org.apache.logging.log4j.core.Logger.logMessage(Logger.java:153)
	at org.apache.logging.log4j.spi.ExtendedLoggerWrapper.logMessage(ExtendedLoggerWrapper.java:222)
	at org.apache.logging.log4j.spi.AbstractLogger.log(AbstractLogger.java:2117)
	at org.apache.logging.log4j.spi.AbstractLogger.tryLogMessage(AbstractLogger.java:2205)
	at org.apache.logging.log4j.spi.AbstractLogger.logMessageTrackRecursion(AbstractLogger.java:2159)
	at org.apache.logging.log4j.spi.AbstractLogger.logMessageSafely(AbstractLogger.java:2142)
	at org.apache.logging.log4j.spi.AbstractLogger.logMessage(AbstractLogger.java:2017)
	at org.apache.logging.log4j.spi.AbstractLogger.logIfEnabled(AbstractLogger.java:1983)
	at org.apache.logging.log4j.spi.AbstractLogger.debug(AbstractLogger.java:327)
	at io.netty.handler.codec.compression.Brotli.<clinit>(Brotli.java:38)
	at io.netty.handler.codec.http.HttpContentDecompressor.newContentDecoder(HttpContentDecompressor.java:70)
	at io.netty.handler.codec.http.HttpContentDecoder.decode(HttpContentDecoder.java:100)
	at io.netty.handler.codec.http.HttpContentDecoder.decode(HttpContentDecoder.java:47)
	at io.netty.handler.codec.MessageToMessageDecoder.channelRead(MessageToMessageDecoder.java:88)
	at io.netty.channel.AbstractChannelHandlerContext.invokeChannelRead(AbstractChannelHandlerContext.java:379)
	at io.netty.channel.AbstractChannelHandlerContext.invokeChannelRead(AbstractChannelHandlerContext.java:365)
	at io.netty.channel.AbstractChannelHandlerContext.fireChannelRead(AbstractChannelHandlerContext.java:357)
	at io.netty.channel.CombinedChannelDuplexHandler$DelegatingChannelHandlerContext.fireChannelRead(CombinedChannelDuplexHandler.java:436)
	at io.netty.handler.codec.ByteToMessageDecoder.fireChannelRead(ByteToMessageDecoder.java:324)
	at io.netty.handler.codec.ByteToMessageDecoder.fireChannelRead(ByteToMessageDecoder.java:311)
	at io.netty.handler.codec.ByteToMessageDecoder.callDecode(ByteToMessageDecoder.java:432)
	at io.netty.handler.codec.ByteToMessageDecoder.channelRead(ByteToMessageDecoder.java:276)
	at io.netty.channel.CombinedChannelDuplexHandler.channelRead(CombinedChannelDuplexHandler.java:251)
	at io.netty.channel.AbstractChannelHandlerContext.invokeChannelRead(AbstractChannelHandlerContext.java:379)
	at io.netty.channel.AbstractChannelHandlerContext.invokeChannelRead(AbstractChannelHandlerContext.java:365)
	at io.netty.channel.AbstractChannelHandlerContext.fireChannelRead(AbstractChannelHandlerContext.java:357)
	at io.netty.channel.DefaultChannelPipeline$HeadContext.channelRead(DefaultChannelPipeline.java:1410)
	at io.netty.channel.AbstractChannelHandlerContext.invokeChannelRead(AbstractChannelHandlerContext.java:379)
	at io.netty.channel.AbstractChannelHandlerContext.invokeChannelRead(AbstractChannelHandlerContext.java:365)
	at io.netty.channel.DefaultChannelPipeline.fireChannelRead(DefaultChannelPipeline.java:919)
	at io.netty.channel.nio.AbstractNioByteChannel$NioByteUnsafe.read(AbstractNioByteChannel.java:166)
	at io.netty.channel.nio.NioEventLoop.processSelectedKey(NioEventLoop.java:719)
	at io.netty.channel.nio.NioEventLoop.processSelectedKeysOptimized(NioEventLoop.java:655)
	at io.netty.channel.nio.NioEventLoop.processSelectedKeys(NioEventLoop.java:581)
	at io.netty.channel.nio.NioEventLoop.run(NioEventLoop.java:493)
	at io.netty.util.concurrent.SingleThreadEventExecutor$4.run(SingleThreadEventExecutor.java:986)
	at io.netty.util.internal.ThreadExecutorMap$2.run(ThreadExecutorMap.java:74)
	at io.netty.util.concurrent.FastThreadLocalRunnable.run(FastThreadLocalRunnable.java:30)
	at java.base/java.lang.Thread.run(Thread.java:834)

2021-12-16 06:45:34,421 AsyncHttpClient-1-3 ERROR Could not create plugin of type class org.apache.logging.log4j.core.appender.FileAppender for element File: java.lang.IllegalStateException: ManagerFactory [org.apache.logging.log4j.core.appender.FileManager$FileManagerFactory@4d65b13e] unable to create manager for [logs/${ctx:threadName}.log] with data [org.apache.logging.log4j.core.appender.FileManager$FactoryData@97dfa5a] java.lang.IllegalStateException: ManagerFactory [org.apache.logging.log4j.core.appender.FileManager$FileManagerFactory@4d65b13e] unable to create manager for [logs/${ctx:threadName}.log] with data [org.apache.logging.log4j.core.appender.FileManager$FactoryData@97dfa5a]
	at org.apache.logging.log4j.core.appender.AbstractManager.getManager(AbstractManager.java:115)
	at org.apache.logging.log4j.core.appender.OutputStreamManager.getManager(OutputStreamManager.java:100)
	at org.apache.logging.log4j.core.appender.FileManager.getFileManager(FileManager.java:182)
	at org.apache.logging.log4j.core.appender.FileAppender$Builder.build(FileAppender.java:96)
	at org.apache.logging.log4j.core.appender.FileAppender$Builder.build(FileAppender.java:52)
	at org.apache.logging.log4j.core.config.plugins.util.PluginBuilder.build(PluginBuilder.java:122)
	at org.apache.logging.log4j.core.config.AbstractConfiguration.createPluginObject(AbstractConfiguration.java:1000)
	at org.apache.logging.log4j.core.config.AbstractConfiguration.createConfiguration(AbstractConfiguration.java:940)
	at org.apache.logging.log4j.core.appender.routing.RoutingAppender.createAppender(RoutingAppender.java:299)
	at org.apache.logging.log4j.core.appender.routing.RoutingAppender.getControl(RoutingAppender.java:271)
	at org.apache.logging.log4j.core.appender.routing.RoutingAppender.append(RoutingAppender.java:229)
	at org.apache.logging.log4j.core.config.AppenderControl.tryCallAppender(AppenderControl.java:156)
	at org.apache.logging.log4j.core.config.AppenderControl.callAppender0(AppenderControl.java:129)
	at org.apache.logging.log4j.core.config.AppenderControl.callAppenderPreventRecursion(AppenderControl.java:120)
	at org.apache.logging.log4j.core.config.AppenderControl.callAppender(AppenderControl.java:84)
	at org.apache.logging.log4j.core.config.LoggerConfig.callAppenders(LoggerConfig.java:540)
	at org.apache.logging.log4j.core.config.LoggerConfig.processLogEvent(LoggerConfig.java:498)
	at org.apache.logging.log4j.core.config.LoggerConfig.log(LoggerConfig.java:481)
	at org.apache.logging.log4j.core.config.LoggerConfig.log(LoggerConfig.java:410)
	at org.apache.logging.log4j.core.config.AwaitCompletionReliabilityStrategy.log(AwaitCompletionReliabilityStrategy.java:63)
	at org.apache.logging.log4j.core.Logger.logMessage(Logger.java:153)
	at org.apache.logging.log4j.spi.ExtendedLoggerWrapper.logMessage(ExtendedLoggerWrapper.java:222)
	at org.apache.logging.log4j.spi.AbstractLogger.log(AbstractLogger.java:2117)
	at org.apache.logging.log4j.spi.AbstractLogger.tryLogMessage(AbstractLogger.java:2205)
	at org.apache.logging.log4j.spi.AbstractLogger.logMessageTrackRecursion(AbstractLogger.java:2159)
	at org.apache.logging.log4j.spi.AbstractLogger.logMessageSafely(AbstractLogger.java:2142)
	at org.apache.logging.log4j.spi.AbstractLogger.logMessage(AbstractLogger.java:2017)
	at org.apache.logging.log4j.spi.AbstractLogger.logIfEnabled(AbstractLogger.java:1983)
	at org.apache.logging.log4j.spi.AbstractLogger.debug(AbstractLogger.java:327)
	at io.netty.handler.codec.compression.Brotli.<clinit>(Brotli.java:38)
	at io.netty.handler.codec.http.HttpContentDecompressor.newContentDecoder(HttpContentDecompressor.java:70)
	at io.netty.handler.codec.http.HttpContentDecoder.decode(HttpContentDecoder.java:100)
	at io.netty.handler.codec.http.HttpContentDecoder.decode(HttpContentDecoder.java:47)
	at io.netty.handler.codec.MessageToMessageDecoder.channelRead(MessageToMessageDecoder.java:88)
	at io.netty.channel.AbstractChannelHandlerContext.invokeChannelRead(AbstractChannelHandlerContext.java:379)
	at io.netty.channel.AbstractChannelHandlerContext.invokeChannelRead(AbstractChannelHandlerContext.java:365)
	at io.netty.channel.AbstractChannelHandlerContext.fireChannelRead(AbstractChannelHandlerContext.java:357)
	at io.netty.channel.CombinedChannelDuplexHandler$DelegatingChannelHandlerContext.fireChannelRead(CombinedChannelDuplexHandler.java:436)
	at io.netty.handler.codec.ByteToMessageDecoder.fireChannelRead(ByteToMessageDecoder.java:324)
	at io.netty.handler.codec.ByteToMessageDecoder.fireChannelRead(ByteToMessageDecoder.java:311)
	at io.netty.handler.codec.ByteToMessageDecoder.callDecode(ByteToMessageDecoder.java:432)
	at io.netty.handler.codec.ByteToMessageDecoder.channelRead(ByteToMessageDecoder.java:276)
	at io.netty.channel.CombinedChannelDuplexHandler.channelRead(CombinedChannelDuplexHandler.java:251)
	at io.netty.channel.AbstractChannelHandlerContext.invokeChannelRead(AbstractChannelHandlerContext.java:379)
	at io.netty.channel.AbstractChannelHandlerContext.invokeChannelRead(AbstractChannelHandlerContext.java:365)
	at io.netty.channel.AbstractChannelHandlerContext.fireChannelRead(AbstractChannelHandlerContext.java:357)
	at io.netty.channel.DefaultChannelPipeline$HeadContext.channelRead(DefaultChannelPipeline.java:1410)
	at io.netty.channel.AbstractChannelHandlerContext.invokeChannelRead(AbstractChannelHandlerContext.java:379)
	at io.netty.channel.AbstractChannelHandlerContext.invokeChannelRead(AbstractChannelHandlerContext.java:365)
	at io.netty.channel.DefaultChannelPipeline.fireChannelRead(DefaultChannelPipeline.java:919)
	at io.netty.channel.nio.AbstractNioByteChannel$NioByteUnsafe.read(AbstractNioByteChannel.java:166)
	at io.netty.channel.nio.NioEventLoop.processSelectedKey(NioEventLoop.java:719)
	at io.netty.channel.nio.NioEventLoop.processSelectedKeysOptimized(NioEventLoop.java:655)
	at io.netty.channel.nio.NioEventLoop.processSelectedKeys(NioEventLoop.java:581)
	at io.netty.channel.nio.NioEventLoop.run(NioEventLoop.java:493)
	at io.netty.util.concurrent.SingleThreadEventExecutor$4.run(SingleThreadEventExecutor.java:986)
	at io.netty.util.internal.ThreadExecutorMap$2.run(ThreadExecutorMap.java:74)
	at io.netty.util.concurrent.FastThreadLocalRunnable.run(FastThreadLocalRunnable.java:30)
	at java.base/java.lang.Thread.run(Thread.java:834)

2021-12-16 06:45:34,421 AsyncHttpClient-1-3 ERROR Unable to invoke factory method in class org.apache.logging.log4j.core.appender.FileAppender for element File: java.lang.IllegalStateException: No factory method found for class org.apache.logging.log4j.core.appender.FileAppender java.lang.IllegalStateException: No factory method found for class org.apache.logging.log4j.core.appender.FileAppender
	at org.apache.logging.log4j.core.config.plugins.util.PluginBuilder.findFactoryMethod(PluginBuilder.java:234)
	at org.apache.logging.log4j.core.config.plugins.util.PluginBuilder.build(PluginBuilder.java:134)
	at org.apache.logging.log4j.core.config.AbstractConfiguration.createPluginObject(AbstractConfiguration.java:1000)
	at org.apache.logging.log4j.core.config.AbstractConfiguration.createConfiguration(AbstractConfiguration.java:940)
	at org.apache.logging.log4j.core.appender.routing.RoutingAppender.createAppender(RoutingAppender.java:299)
	at org.apache.logging.log4j.core.appender.routing.RoutingAppender.getControl(RoutingAppender.java:271)
	at org.apache.logging.log4j.core.appender.routing.RoutingAppender.append(RoutingAppender.java:229)
	at org.apache.logging.log4j.core.config.AppenderControl.tryCallAppender(AppenderControl.java:156)
	at org.apache.logging.log4j.core.config.AppenderControl.callAppender0(AppenderControl.java:129)
	at org.apache.logging.log4j.core.config.AppenderControl.callAppenderPreventRecursion(AppenderControl.java:120)
	at org.apache.logging.log4j.core.config.AppenderControl.callAppender(AppenderControl.java:84)
	at org.apache.logging.log4j.core.config.LoggerConfig.callAppenders(LoggerConfig.java:540)
	at org.apache.logging.log4j.core.config.LoggerConfig.processLogEvent(LoggerConfig.java:498)
	at org.apache.logging.log4j.core.config.LoggerConfig.log(LoggerConfig.java:481)
	at org.apache.logging.log4j.core.config.LoggerConfig.log(LoggerConfig.java:410)
	at org.apache.logging.log4j.core.config.AwaitCompletionReliabilityStrategy.log(AwaitCompletionReliabilityStrategy.java:63)
	at org.apache.logging.log4j.core.Logger.logMessage(Logger.java:153)
	at org.apache.logging.log4j.spi.ExtendedLoggerWrapper.logMessage(ExtendedLoggerWrapper.java:222)
	at org.apache.logging.log4j.spi.AbstractLogger.log(AbstractLogger.java:2117)
	at org.apache.logging.log4j.spi.AbstractLogger.tryLogMessage(AbstractLogger.java:2205)
	at org.apache.logging.log4j.spi.AbstractLogger.logMessageTrackRecursion(AbstractLogger.java:2159)
	at org.apache.logging.log4j.spi.AbstractLogger.logMessageSafely(AbstractLogger.java:2142)
	at org.apache.logging.log4j.spi.AbstractLogger.logMessage(AbstractLogger.java:2017)
	at org.apache.logging.log4j.spi.AbstractLogger.logIfEnabled(AbstractLogger.java:1983)
	at org.apache.logging.log4j.spi.AbstractLogger.debug(AbstractLogger.java:327)
	at io.netty.handler.codec.compression.Brotli.<clinit>(Brotli.java:38)
	at io.netty.handler.codec.http.HttpContentDecompressor.newContentDecoder(HttpContentDecompressor.java:70)
	at io.netty.handler.codec.http.HttpContentDecoder.decode(HttpContentDecoder.java:100)
	at io.netty.handler.codec.http.HttpContentDecoder.decode(HttpContentDecoder.java:47)
	at io.netty.handler.codec.MessageToMessageDecoder.channelRead(MessageToMessageDecoder.java:88)
	at io.netty.channel.AbstractChannelHandlerContext.invokeChannelRead(AbstractChannelHandlerContext.java:379)
	at io.netty.channel.AbstractChannelHandlerContext.invokeChannelRead(AbstractChannelHandlerContext.java:365)
	at io.netty.channel.AbstractChannelHandlerContext.fireChannelRead(AbstractChannelHandlerContext.java:357)
	at io.netty.channel.CombinedChannelDuplexHandler$DelegatingChannelHandlerContext.fireChannelRead(CombinedChannelDuplexHandler.java:436)
	at io.netty.handler.codec.ByteToMessageDecoder.fireChannelRead(ByteToMessageDecoder.java:324)
	at io.netty.handler.codec.ByteToMessageDecoder.fireChannelRead(ByteToMessageDecoder.java:311)
	at io.netty.handler.codec.ByteToMessageDecoder.callDecode(ByteToMessageDecoder.java:432)
	at io.netty.handler.codec.ByteToMessageDecoder.channelRead(ByteToMessageDecoder.java:276)
	at io.netty.channel.CombinedChannelDuplexHandler.channelRead(CombinedChannelDuplexHandler.java:251)
	at io.netty.channel.AbstractChannelHandlerContext.invokeChannelRead(AbstractChannelHandlerContext.java:379)
	at io.netty.channel.AbstractChannelHandlerContext.invokeChannelRead(AbstractChannelHandlerContext.java:365)
	at io.netty.channel.AbstractChannelHandlerContext.fireChannelRead(AbstractChannelHandlerContext.java:357)
	at io.netty.channel.DefaultChannelPipeline$HeadContext.channelRead(DefaultChannelPipeline.java:1410)
	at io.netty.channel.AbstractChannelHandlerContext.invokeChannelRead(AbstractChannelHandlerContext.java:379)
	at io.netty.channel.AbstractChannelHandlerContext.invokeChannelRead(AbstractChannelHandlerContext.java:365)
	at io.netty.channel.DefaultChannelPipeline.fireChannelRead(DefaultChannelPipeline.java:919)
	at io.netty.channel.nio.AbstractNioByteChannel$NioByteUnsafe.read(AbstractNioByteChannel.java:166)
	at io.netty.channel.nio.NioEventLoop.processSelectedKey(NioEventLoop.java:719)
	at io.netty.channel.nio.NioEventLoop.processSelectedKeysOptimized(NioEventLoop.java:655)
	at io.netty.channel.nio.NioEventLoop.processSelectedKeys(NioEventLoop.java:581)
	at io.netty.channel.nio.NioEventLoop.run(NioEventLoop.java:493)
	at io.netty.util.concurrent.SingleThreadEventExecutor$4.run(SingleThreadEventExecutor.java:986)
	at io.netty.util.internal.ThreadExecutorMap$2.run(ThreadExecutorMap.java:74)
	at io.netty.util.concurrent.FastThreadLocalRunnable.run(FastThreadLocalRunnable.java:30)
	at java.base/java.lang.Thread.run(Thread.java:834)

06:45:34.473 [TestNG-test=api_test-1] &amp#27;[0mINFO  automation_test.Mortgage_Calculator.MyMortgageCalculate - -----------Test: automation_test.Mortgage_Calculator.MyMortgageCalculate@6de54b40-----------------&amp#27;[m
06:45:34.512 [TestNG-test=api_test-2] &amp#27;[0mINFO  automation_test.Mortgage_Calculator.RealAPRCalculator - -----------Test: automation_test.Mortgage_Calculator.RealAPRCalculator@5ebd56e9-----------------&amp#27;[m
]]></system-out>
    <system-err><![CDATA[SLF4J: Failed to load class "org.slf4j.impl.StaticLoggerBinder".
SLF4J: Defaulting to no-operation (NOP) logger implementation
SLF4J: See http://www.slf4j.org/codes.html#StaticLoggerBinder for further details.
Dec 16, 2021 6:45:29 AM org.openqa.selenium.remote.tracing.opentelemetry.OpenTelemetryTracer createTracer
INFO: Using OpenTelemetry for tracing
Dec 16, 2021 6:45:34 AM org.openqa.selenium.remote.ProtocolHandshake createSession
INFO: Detected dialect: W3C
Dec 16, 2021 6:45:34 AM org.openqa.selenium.remote.ProtocolHandshake createSession
INFO: Detected dialect: W3C
]]></system-err>
  </testcase>
  <testcase name="calculateRate" classname="automation_test.Mortgage_Calculator.MyMortgageCalculate" time="8.095">
    <system-out><![CDATA[06:45:43.625 [TestNG-test=api_test-2] &amp#27;[0mINFO  automation_test.Mortgage_Calculator.RealAPRCalculator - -----------Test End: automation_test.Mortgage_Calculator.RealAPRCalculator@5ebd56e9-----------------&amp#27;[m
]]></system-out>
  </testcase>
</testsuite>